{"logTime": "0620/150143", "correlationVector":"Q8MuYROjuGfQh+CgD+yzHp.3","action":"GetUpdates Response", "result":"Success", "context":Received 250 update(s). cV=Q8MuYROjuGfQh+CgD+yzHp.0;server=akswtt10100004k;cloudType=Consumer;environment=Prod_germanywestcentral_prod-s01-011-eur-germanywestcentral;migrationStage=NotStarted Some updates remain.}
{"logTime": "0620/150143", "correlationVector":"1gCgPx3dovrI8g1gzokxaX","action":"Initial GetUpdates", "result":"", "context":Reason: NEWLY_SUPPORTED_DATATYPE. cV=1gCgPx3dovrI8g1gzokxaX}
{"logTime": "0620/150144", "correlationVector":"1gCgPx3dovrI8g1gzokxaX.1","action":"SyncServerConnectionManagerRequest", "result":"SYNC_SERVER_OK", "context":{"environment":"Prod_germanywestcentral_prod-s01-011-eur-germanywestcentral", "migrationStage":"NotStarted", "server":"akswtt10100000a"}}
{"logTime": "0620/150144", "correlationVector":"1gCgPx3dovrI8g1gzokxaX.2","action":"ProcessGetUpdates", "result":"Done", "context":{"dataType":"History", "deleted":"0", "process_failed_to_decrypt":"0", "process_pending_decryption":"0", "process_success":"250", "total":"250"}}
{"logTime": "0620/150144", "correlationVector":"1gCgPx3dovrI8g1gzokxaX.3","action":"GetUpdates Response", "result":"Success", "context":Received 250 update(s). cV=1gCgPx3dovrI8g1gzokxaX.0;server=akswtt10100000a;cloudType=Consumer;environment=Prod_germanywestcentral_prod-s01-011-eur-germanywestcentral;migrationStage=NotStarted Some updates remain.}
{"logTime": "0620/150144", "correlationVector":"DpJCA+uNmTvneAvfH9Q5yv","action":"Initial GetUpdates", "result":"", "context":Reason: NEWLY_SUPPORTED_DATATYPE. cV=DpJCA+uNmTvneAvfH9Q5yv}
{"logTime": "0620/150145", "correlationVector":"DpJCA+uNmTvneAvfH9Q5yv.1","action":"SyncServerConnectionManagerRequest", "result":"SYNC_SERVER_OK", "context":{"environment":"Prod_germanywestcentral_prod-s01-011-eur-germanywestcentral", "migrationStage":"NotStarted", "server":"akswtt10100003g"}}
{"logTime": "0620/150145", "correlationVector":"DpJCA+uNmTvneAvfH9Q5yv.2","action":"ProcessGetUpdates", "result":"Done", "context":{"dataType":"History", "deleted":"0", "process_failed_to_decrypt":"0", "process_pending_decryption":"0", "process_success":"250", "total":"250"}}
{"logTime": "0620/150145", "correlationVector":"DpJCA+uNmTvneAvfH9Q5yv.3","action":"GetUpdates Response", "result":"Success", "context":Received 250 update(s). cV=DpJCA+uNmTvneAvfH9Q5yv.0;server=akswtt10100003g;cloudType=Consumer;environment=Prod_germanywestcentral_prod-s01-011-eur-germanywestcentral;migrationStage=NotStarted Some updates remain.}
{"logTime": "0620/150145", "correlationVector":"/6Qp3jv0XUgAYsITWi+yx+","action":"Initial GetUpdates", "result":"", "context":Reason: NEWLY_SUPPORTED_DATATYPE. cV=/6Qp3jv0XUgAYsITWi+yx+}
{"logTime": "0620/150146", "correlationVector":"/6Qp3jv0XUgAYsITWi+yx+.1","action":"SyncServerConnectionManagerRequest", "result":"SYNC_SERVER_OK", "context":{"environment":"Prod_germanywestcentral_prod-s01-011-eur-germanywestcentral", "migrationStage":"NotStarted", "server":"akswtt10100001r"}}
{"logTime": "0620/150146", "correlationVector":"/6Qp3jv0XUgAYsITWi+yx+.2","action":"ProcessGetUpdates", "result":"Done", "context":{"dataType":"History", "deleted":"0", "process_failed_to_decrypt":"0", "process_pending_decryption":"0", "process_success":"250", "total":"250"}}
{"logTime": "0620/150146", "correlationVector":"/6Qp3jv0XUgAYsITWi+yx+.3","action":"GetUpdates Response", "result":"Success", "context":Received 250 update(s). cV=/6Qp3jv0XUgAYsITWi+yx+.0;server=akswtt10100001r;cloudType=Consumer;environment=Prod_germanywestcentral_prod-s01-011-eur-germanywestcentral;migrationStage=NotStarted Some updates remain.}
{"logTime": "0620/150146", "correlationVector":"GUBOQ6kzKb8OYjp/E3ia/N","action":"Initial GetUpdates", "result":"", "context":Reason: NEWLY_SUPPORTED_DATATYPE. cV=GUBOQ6kzKb8OYjp/E3ia/N}
{"logTime": "0620/150147", "correlationVector":"GUBOQ6kzKb8OYjp/E3ia/N.1","action":"SyncServerConnectionManagerRequest", "result":"SYNC_SERVER_OK", "context":{"environment":"Prod_germanywestcentral_prod-s01-011-eur-germanywestcentral", "migrationStage":"NotStarted", "server":"akswtt10100003x"}}
{"logTime": "0620/150147", "correlationVector":"GUBOQ6kzKb8OYjp/E3ia/N.2","action":"ProcessGetUpdates", "result":"Done", "context":{"dataType":"History", "deleted":"0", "process_failed_to_decrypt":"0", "process_pending_decryption":"0", "process_success":"250", "total":"250"}}
{"logTime": "0620/150147", "correlationVector":"GUBOQ6kzKb8OYjp/E3ia/N.3","action":"GetUpdates Response", "result":"Success", "context":Received 250 update(s). cV=GUBOQ6kzKb8OYjp/E3ia/N.0;server=akswtt10100003x;cloudType=Consumer;environment=Prod_germanywestcentral_prod-s01-011-eur-germanywestcentral;migrationStage=NotStarted Some updates remain.}
{"logTime": "0620/150147", "correlationVector":"MiIQRMPhHvr22021IH0G0x","action":"Initial GetUpdates", "result":"", "context":Reason: NEWLY_SUPPORTED_DATATYPE. cV=MiIQRMPhHvr22021IH0G0x}
{"logTime": "0620/150147", "correlationVector":"MiIQRMPhHvr22021IH0G0x.1","action":"SyncServerConnectionManagerRequest", "result":"SYNC_SERVER_OK", "context":{"environment":"Prod_germanywestcentral_prod-s01-011-eur-germanywestcentral", "migrationStage":"NotStarted", "server":"akswtt10100000a"}}
{"logTime": "0620/150147", "correlationVector":"MiIQRMPhHvr22021IH0G0x.2","action":"ProcessGetUpdates", "result":"Done", "context":{"dataType":"History", "deleted":"0", "process_failed_to_decrypt":"0", "process_pending_decryption":"0", "process_success":"250", "total":"250"}}
{"logTime": "0620/150147", "correlationVector":"MiIQRMPhHvr22021IH0G0x.3","action":"GetUpdates Response", "result":"Success", "context":Received 250 update(s). cV=MiIQRMPhHvr22021IH0G0x.0;server=akswtt10100000a;cloudType=Consumer;environment=Prod_germanywestcentral_prod-s01-011-eur-germanywestcentral;migrationStage=NotStarted Some updates remain.}
{"logTime": "0620/150147", "correlationVector":"R0Voc1OpwGUzc22Ea7rK7y","action":"Initial GetUpdates", "result":"", "context":Reason: NEWLY_SUPPORTED_DATATYPE. cV=R0Voc1OpwGUzc22Ea7rK7y}
{"logTime": "0620/150148", "correlationVector":"R0Voc1OpwGUzc22Ea7rK7y.1","action":"SyncServerConnectionManagerRequest", "result":"SYNC_SERVER_OK", "context":{"environment":"Prod_germanywestcentral_prod-s01-011-eur-germanywestcentral", "migrationStage":"NotStarted", "server":"akswtt10100003x"}}
{"logTime": "0620/150148", "correlationVector":"R0Voc1OpwGUzc22Ea7rK7y.2","action":"ProcessGetUpdates", "result":"Done", "context":{"dataType":"History", "deleted":"0", "process_failed_to_decrypt":"0", "process_pending_decryption":"0", "process_success":"250", "total":"250"}}
{"logTime": "0620/150148", "correlationVector":"R0Voc1OpwGUzc22Ea7rK7y.3","action":"GetUpdates Response", "result":"Success", "context":Received 250 update(s). cV=R0Voc1OpwGUzc22Ea7rK7y.0;server=akswtt10100003x;cloudType=Consumer;environment=Prod_germanywestcentral_prod-s01-011-eur-germanywestcentral;migrationStage=NotStarted Some updates remain.}
{"logTime": "0620/150148", "correlationVector":"R1TPkMIAQ3lGEdu/g0BGZ1","action":"Initial GetUpdates", "result":"", "context":Reason: NEWLY_SUPPORTED_DATATYPE. cV=R1TPkMIAQ3lGEdu/g0BGZ1}
{"logTime": "0620/150149", "correlationVector":"R1TPkMIAQ3lGEdu/g0BGZ1.1","action":"SyncServerConnectionManagerRequest", "result":"SYNC_SERVER_OK", "context":{"environment":"Prod_germanywestcentral_prod-s01-011-eur-germanywestcentral", "migrationStage":"NotStarted", "server":"akswtt10100004i"}}
{"logTime": "0620/150149", "correlationVector":"R1TPkMIAQ3lGEdu/g0BGZ1.2","action":"ProcessGetUpdates", "result":"Done", "context":{"dataType":"History", "deleted":"0", "process_failed_to_decrypt":"0", "process_pending_decryption":"0", "process_success":"250", "total":"250"}}
{"logTime": "0620/150149", "correlationVector":"R1TPkMIAQ3lGEdu/g0BGZ1.3","action":"GetUpdates Response", "result":"Success", "context":Received 250 update(s). cV=R1TPkMIAQ3lGEdu/g0BGZ1.0;server=akswtt10100004i;cloudType=Consumer;environment=Prod_germanywestcentral_prod-s01-011-eur-germanywestcentral;migrationStage=NotStarted Some updates remain.}
{"logTime": "0620/150149", "correlationVector":"qzoNG+Wqi1AAhKufvapeKE","action":"Initial GetUpdates", "result":"", "context":Reason: NEWLY_SUPPORTED_DATATYPE. cV=qzoNG+Wqi1AAhKufvapeKE}
{"logTime": "0620/150149", "correlationVector":"qzoNG+Wqi1AAhKufvapeKE.1","action":"SyncServerConnectionManagerRequest", "result":"SYNC_SERVER_OK", "context":{"environment":"Prod_germanywestcentral_prod-s01-011-eur-germanywestcentral", "migrationStage":"NotStarted", "server":"akswtt10100002z"}}
{"logTime": "0620/150149", "correlationVector":"qzoNG+Wqi1AAhKufvapeKE.2","action":"ProcessGetUpdates", "result":"Done", "context":{"dataType":"History", "deleted":"0", "process_failed_to_decrypt":"0", "process_pending_decryption":"0", "process_success":"250", "total":"250"}}
{"logTime": "0620/150149", "correlationVector":"qzoNG+Wqi1AAhKufvapeKE.3","action":"GetUpdates Response", "result":"Success", "context":Received 250 update(s). cV=qzoNG+Wqi1AAhKufvapeKE.0;server=akswtt10100002z;cloudType=Consumer;environment=Prod_germanywestcentral_prod-s01-011-eur-germanywestcentral;migrationStage=NotStarted Some updates remain.}
{"logTime": "0620/150149", "correlationVector":"Ramep5MDs08mA/RsKUzBpr","action":"Initial GetUpdates", "result":"", "context":Reason: NEWLY_SUPPORTED_DATATYPE. cV=Ramep5MDs08mA/RsKUzBpr}
{"logTime": "0620/150150", "correlationVector":"Ramep5MDs08mA/RsKUzBpr.1","action":"SyncServerConnectionManagerRequest", "result":"SYNC_SERVER_OK", "context":{"environment":"Prod_germanywestcentral_prod-s01-011-eur-germanywestcentral", "migrationStage":"NotStarted", "server":"akswtt10100001a"}}
{"logTime": "0620/150150", "correlationVector":"Ramep5MDs08mA/RsKUzBpr.2","action":"ProcessGetUpdates", "result":"Done", "context":{"dataType":"History", "deleted":"0", "process_failed_to_decrypt":"0", "process_pending_decryption":"0", "process_success":"250", "total":"250"}}
{"logTime": "0620/150150", "correlationVector":"Ramep5MDs08mA/RsKUzBpr.3","action":"GetUpdates Response", "result":"Success", "context":Received 250 update(s). cV=Ramep5MDs08mA/RsKUzBpr.0;server=akswtt10100001a;cloudType=Consumer;environment=Prod_germanywestcentral_prod-s01-011-eur-germanywestcentral;migrationStage=NotStarted Some updates remain.}
{"logTime": "0620/150150", "correlationVector":"D0aogBUdXG6lIasfZ8xNn6","action":"Initial GetUpdates", "result":"", "context":Reason: NEWLY_SUPPORTED_DATATYPE. cV=D0aogBUdXG6lIasfZ8xNn6}
{"logTime": "0620/150150", "correlationVector":"D0aogBUdXG6lIasfZ8xNn6.1","action":"SyncServerConnectionManagerRequest", "result":"SYNC_SERVER_OK", "context":{"environment":"Prod_germanywestcentral_prod-s01-011-eur-germanywestcentral", "migrationStage":"NotStarted", "server":"akswtt10100000z"}}
{"logTime": "0620/150150", "correlationVector":"D0aogBUdXG6lIasfZ8xNn6.2","action":"ProcessGetUpdates", "result":"Done", "context":{"dataType":"History", "deleted":"0", "process_failed_to_decrypt":"0", "process_pending_decryption":"0", "process_success":"51", "total":"51"}}
{"logTime": "0620/150150", "correlationVector":"D0aogBUdXG6lIasfZ8xNn6.3","action":"GetUpdates Response", "result":"Success", "context":Received 51 update(s). cV=D0aogBUdXG6lIasfZ8xNn6.0;server=akswtt10100000z;cloudType=Consumer;environment=Prod_germanywestcentral_prod-s01-011-eur-germanywestcentral;migrationStage=NotStarted}
{"logTime": "0620/150150", "correlationVector":"olOs0kV6L7dWgnd22WTIzO","action":"Normal GetUpdate request", "result":"", "context":cV=olOs0kV6L7dWgnd22WTIzO
Nudged types: Preferences, Passwords, Sessions, Device Info
Refresh requested types: Bookmarks, Preferences, Passwords, Autofill Profiles, Autofill, Extensions, Sessions, Extension settings, History Delete Directives, Device Info, User Consents, Send Tab To Self, Web Apps, History, Saved Tab Group, WebAuthn Credentials, Edge E Drop, Edge Hub App Usage, Edge Wallet, Edge Workspace, Encryption Keys}
{"logTime": "0620/150150", "correlationVector":"olOs0kV6L7dWgnd22WTIzO.1","action":"SyncServerConnectionManagerRequest", "result":"SYNC_SERVER_OK", "context":{"environment":"Prod_germanywestcentral_prod-s01-011-eur-germanywestcentral", "migrationStage":"NotStarted", "server":"akswtt10100000a"}}
{"logTime": "0620/150150", "correlationVector":"olOs0kV6L7dWgnd22WTIzO.2","action":"ProcessGetUpdates", "result":"Done", "context":{"dataType":"Preferences", "deleted":"0", "process_failed_to_decrypt":"0", "process_pending_decryption":"0", "process_success":"1", "total":"1"}}
{"logTime": "0620/150150", "correlationVector":"olOs0kV6L7dWgnd22WTIzO.3","action":"ProcessGetUpdates", "result":"Done", "context":{"dataType":"Device Info", "deleted":"0", "process_failed_to_decrypt":"0", "process_pending_decryption":"0", "process_success":"1", "total":"1"}}
{"logTime": "0620/150150", "correlationVector":"olOs0kV6L7dWgnd22WTIzO.4","action":"GetUpdates Response", "result":"Success", "context":Received 2 update(s). cV=olOs0kV6L7dWgnd22WTIzO.0;server=akswtt10100000a;cloudType=Consumer;environment=Prod_germanywestcentral_prod-s01-011-eur-germanywestcentral;migrationStage=NotStarted}
{"logTime": "0620/150150", "correlationVector":"4TduIfaICgFcDBqc+o0M65","action":"Commit Request", "result":"", "context":Item count: 40
Contributing types: Passwords}
{"logTime": "0620/150152", "correlationVector":"4TduIfaICgFcDBqc+o0M65.1","action":"SyncServerConnectionManagerRequest", "result":"SYNC_SERVER_OK", "context":{"environment":"Prod_germanywestcentral_prod-s01-011-eur-germanywestcentral", "migrationStage":"NotStarted", "server":"akswtt10100004i"}}
{"logTime": "0620/150152", "correlationVector":"4TduIfaICgFcDBqc+o0M65.2","action":"Commit Response", "result":"Success", "context":Result: Success. cV=4TduIfaICgFcDBqc+o0M65.0;server=akswtt10100004i;cloudType=Consumer;environment=Prod_germanywestcentral_prod-s01-011-eur-germanywestcentral;migrationStage=NotStarted}
{"logTime": "0620/150152", "correlationVector":"dARkMD/Ix5eSACnWJHvrMk","action":"Commit Request", "result":"", "context":Item count: 40
Contributing types: Passwords}
{"logTime": "0620/150154", "correlationVector":"dARkMD/Ix5eSACnWJHvrMk.1","action":"SyncServerConnectionManagerRequest", "result":"SYNC_SERVER_OK", "context":{"environment":"Prod_germanywestcentral_prod-s01-011-eur-germanywestcentral", "migrationStage":"NotStarted", "server":"akswtt10100000z"}}
{"logTime": "0620/150154", "correlationVector":"dARkMD/Ix5eSACnWJHvrMk.2","action":"Commit Response", "result":"Success", "context":Result: Success. cV=dARkMD/Ix5eSACnWJHvrMk.0;server=akswtt10100000z;cloudType=Consumer;environment=Prod_germanywestcentral_prod-s01-011-eur-germanywestcentral;migrationStage=NotStarted}
{"logTime": "0620/150154", "correlationVector":"g/mJj6W247ceCgZ0BFiNEn","action":"Commit Request", "result":"", "context":Item count: 17
Contributing types: Preferences, Passwords, Sessions, Device Info}
{"logTime": "0620/150155", "correlationVector":"g/mJj6W247ceCgZ0BFiNEn.1","action":"SyncServerConnectionManagerRequest", "result":"SYNC_SERVER_OK", "context":{"environment":"Prod_germanywestcentral_prod-s01-011-eur-germanywestcentral", "migrationStage":"NotStarted", "server":"akswtt10100002z"}}
{"logTime": "0620/150155", "correlationVector":"g/mJj6W247ceCgZ0BFiNEn.2","action":"Commit Response", "result":"Success", "context":Result: Success. cV=g/mJj6W247ceCgZ0BFiNEn.0;server=akswtt10100002z;cloudType=Consumer;environment=Prod_germanywestcentral_prod-s01-011-eur-germanywestcentral;migrationStage=NotStarted}
{"logTime": "0620/150434", "correlationVector":"IZ1jmxi/dS1mpbJYchiJ26","action":"Commit Request", "result":"", "context":Item count: 3
Contributing types: Sessions, History}
{"logTime": "0620/150435", "correlationVector":"IZ1jmxi/dS1mpbJYchiJ26.1","action":"SyncServerConnectionManagerRequest", "result":"SYNC_SERVER_OK", "context":{"environment":"Prod_germanywestcentral_prod-s01-010-eur-germanywestcentral", "migrationStage":"NotStarted", "server":"akswtt002000018"}}
{"logTime": "0620/150435", "correlationVector":"IZ1jmxi/dS1mpbJYchiJ26.2","action":"Commit Response", "result":"Success", "context":Result: Success. cV=IZ1jmxi/dS1mpbJYchiJ26.0;server=akswtt002000018;cloudType=Consumer;environment=Prod_germanywestcentral_prod-s01-010-eur-germanywestcentral;migrationStage=NotStarted}
{"logTime": "0620/150436", "correlationVector":"UqfezPP8LAEgdbt0SuasJK","action":"Normal GetUpdate request", "result":"", "context":cV=UqfezPP8LAEgdbt0SuasJK
Notified types: History}
{"logTime": "0620/150437", "correlationVector":"UqfezPP8LAEgdbt0SuasJK.1","action":"SyncServerConnectionManagerRequest", "result":"SYNC_SERVER_OK", "context":{"environment":"Prod_germanywestcentral_prod-s01-010-eur-germanywestcentral", "migrationStage":"NotStarted", "server":"akswtt00200001k"}}
{"logTime": "0620/150437", "correlationVector":"UqfezPP8LAEgdbt0SuasJK.2","action":"ProcessGetUpdates", "result":"Done", "context":{"dataType":"Preferences", "deleted":"0", "process_failed_to_decrypt":"0", "process_pending_decryption":"0", "process_success":"1", "total":"1"}}
{"logTime": "0620/150437", "correlationVector":"UqfezPP8LAEgdbt0SuasJK.3","action":"ProcessGetUpdates", "result":"Done", "context":{"dataType":"Passwords", "deleted":"0", "process_failed_to_decrypt":"0", "process_pending_decryption":"0", "process_success":"93", "total":"93"}}
{"logTime": "0620/150437", "correlationVector":"UqfezPP8LAEgdbt0SuasJK.4","action":"ProcessGetUpdates", "result":"Done", "context":{"dataType":"Sessions", "deleted":"1", "process_failed_to_decrypt":"0", "process_pending_decryption":"0", "process_success":"8", "total":"8"}}
{"logTime": "0620/150437", "correlationVector":"UqfezPP8LAEgdbt0SuasJK.5","action":"ProcessGetUpdates", "result":"Done", "context":{"dataType":"Device Info", "deleted":"0", "process_failed_to_decrypt":"0", "process_pending_decryption":"0", "process_success":"1", "total":"1"}}
{"logTime": "0620/150437", "correlationVector":"UqfezPP8LAEgdbt0SuasJK.6","action":"ProcessGetUpdates", "result":"Done", "context":{"dataType":"History", "deleted":"0", "process_failed_to_decrypt":"0", "process_pending_decryption":"0", "process_success":"5", "total":"5"}}
{"logTime": "0620/150437", "correlationVector":"UqfezPP8LAEgdbt0SuasJK.7","action":"GetUpdates Response", "result":"Success", "context":Received 108 update(s). cV=UqfezPP8LAEgdbt0SuasJK.0;server=akswtt00200001k;cloudType=Consumer;environment=Prod_germanywestcentral_prod-s01-010-eur-germanywestcentral;migrationStage=NotStarted}
{"logTime": "0620/150537", "correlationVector":"5qXS8VREMbFHEgApr026iT","action":"Normal GetUpdate request", "result":"", "context":cV=5qXS8VREMbFHEgApr026iT
Notified types: History}
{"logTime": "0620/150537", "correlationVector":"5qXS8VREMbFHEgApr026iT.1","action":"SyncServerConnectionManagerRequest", "result":"SYNC_SERVER_OK", "context":{"environment":"Prod_germanywestcentral_prod-s01-010-eur-germanywestcentral", "migrationStage":"NotStarted", "server":"akswtt002000017"}}
{"logTime": "0620/150537", "correlationVector":"5qXS8VREMbFHEgApr026iT.2","action":"ProcessGetUpdates", "result":"Done", "context":{"dataType":"Sessions", "deleted":"1", "process_failed_to_decrypt":"0", "process_pending_decryption":"0", "process_success":"6", "total":"6"}}
{"logTime": "0620/150537", "correlationVector":"5qXS8VREMbFHEgApr026iT.3","action":"ProcessGetUpdates", "result":"Done", "context":{"dataType":"History", "deleted":"0", "process_failed_to_decrypt":"0", "process_pending_decryption":"0", "process_success":"4", "total":"4"}}
{"logTime": "0620/150537", "correlationVector":"5qXS8VREMbFHEgApr026iT.4","action":"GetUpdates Response", "result":"Success", "context":Received 10 update(s). cV=5qXS8VREMbFHEgApr026iT.0;server=akswtt002000017;cloudType=Consumer;environment=Prod_germanywestcentral_prod-s01-010-eur-germanywestcentral;migrationStage=NotStarted}
{"logTime": "0620/150538", "correlationVector":"cx3xcrfxQylfHd+R5Xurl6","action":"Normal GetUpdate request", "result":"", "context":cV=cx3xcrfxQylfHd+R5Xurl6
Notified types: Device Info}
{"logTime": "0620/150538", "correlationVector":"cx3xcrfxQylfHd+R5Xurl6.1","action":"SyncServerConnectionManagerRequest", "result":"SYNC_SERVER_OK", "context":{"environment":"Prod_germanywestcentral_prod-s01-010-eur-germanywestcentral", "migrationStage":"NotStarted", "server":"akswtt00200001z"}}
{"logTime": "0620/150538", "correlationVector":"cx3xcrfxQylfHd+R5Xurl6.2","action":"ProcessGetUpdates", "result":"Done", "context":{"dataType":"Device Info", "deleted":"0", "process_failed_to_decrypt":"0", "process_pending_decryption":"0", "process_success":"1", "total":"1"}}
{"logTime": "0620/150538", "correlationVector":"cx3xcrfxQylfHd+R5Xurl6.3","action":"GetUpdates Response", "result":"Success", "context":Received 1 update(s). cV=cx3xcrfxQylfHd+R5Xurl6.0;server=akswtt00200001z;cloudType=Consumer;environment=Prod_germanywestcentral_prod-s01-010-eur-germanywestcentral;migrationStage=NotStarted}
{"logTime": "0620/151117", "correlationVector":"UUO/fpt0v8KekqN6jdgiD2","action":"Normal GetUpdate request", "result":"", "context":cV=UUO/fpt0v8KekqN6jdgiD2
Nudged types: Sessions
Notified types: History}
{"logTime": "0620/151118", "correlationVector":"UUO/fpt0v8KekqN6jdgiD2.1","action":"SyncServerConnectionManagerRequest", "result":"SYNC_SERVER_OK", "context":{"environment":"Prod_germanywestcentral_prod-s01-011-eur-germanywestcentral", "migrationStage":"NotStarted", "server":"akswtt10100002x"}}
{"logTime": "0620/151118", "correlationVector":"UUO/fpt0v8KekqN6jdgiD2.2","action":"ProcessGetUpdates", "result":"Done", "context":{"dataType":"Preferences", "deleted":"0", "process_failed_to_decrypt":"0", "process_pending_decryption":"0", "process_success":"1", "total":"1"}}
{"logTime": "0620/151118", "correlationVector":"UUO/fpt0v8KekqN6jdgiD2.3","action":"ProcessGetUpdates", "result":"Done", "context":{"dataType":"Sessions", "deleted":"0", "process_failed_to_decrypt":"0", "process_pending_decryption":"0", "process_success":"2", "total":"2"}}
{"logTime": "0620/151118", "correlationVector":"UUO/fpt0v8KekqN6jdgiD2.4","action":"ProcessGetUpdates", "result":"Done", "context":{"dataType":"History", "deleted":"0", "process_failed_to_decrypt":"0", "process_pending_decryption":"0", "process_success":"3", "total":"3"}}
{"logTime": "0620/151118", "correlationVector":"UUO/fpt0v8KekqN6jdgiD2.5","action":"GetUpdates Response", "result":"Success", "context":Received 6 update(s). cV=UUO/fpt0v8KekqN6jdgiD2.0;server=akswtt10100002x;cloudType=Consumer;environment=Prod_germanywestcentral_prod-s01-011-eur-germanywestcentral;migrationStage=NotStarted}
{"logTime": "0620/151118", "correlationVector":"GJX0Tm9z11Z3L7wEgLzEXJ","action":"Commit Request", "result":"", "context":Item count: 1
Contributing types: Sessions}
{"logTime": "0620/151118", "correlationVector":"GJX0Tm9z11Z3L7wEgLzEXJ.1","action":"SyncServerConnectionManagerRequest", "result":"SYNC_SERVER_OK", "context":{"environment":"Prod_germanywestcentral_prod-s01-011-eur-germanywestcentral", "migrationStage":"NotStarted", "server":"akswtt10100002n"}}
{"logTime": "0620/151118", "correlationVector":"GJX0Tm9z11Z3L7wEgLzEXJ.2","action":"Commit Response", "result":"Success", "context":Result: Success. cV=GJX0Tm9z11Z3L7wEgLzEXJ.0;server=akswtt10100002n;cloudType=Consumer;environment=Prod_germanywestcentral_prod-s01-011-eur-germanywestcentral;migrationStage=NotStarted}
{"logTime": "0620/151218", "correlationVector":"nHAWPqjTahLAe4QhwuL47y","action":"Normal GetUpdate request", "result":"", "context":cV=nHAWPqjTahLAe4QhwuL47y
Nudged types: Sessions, History
Notified types: History, Edge Workspace}
{"logTime": "0620/151218", "correlationVector":"nHAWPqjTahLAe4QhwuL47y.1","action":"SyncServerConnectionManagerRequest", "result":"SYNC_SERVER_OK", "context":{"environment":"Prod_germanywestcentral_prod-s01-011-eur-germanywestcentral", "migrationStage":"NotStarted", "server":"akswtt101000047"}}
{"logTime": "0620/151218", "correlationVector":"nHAWPqjTahLAe4QhwuL47y.2","action":"ProcessGetUpdates", "result":"Done", "context":{"dataType":"Sessions", "deleted":"0", "process_failed_to_decrypt":"0", "process_pending_decryption":"0", "process_success":"2", "total":"2"}}
{"logTime": "0620/151218", "correlationVector":"nHAWPqjTahLAe4QhwuL47y.3","action":"ProcessGetUpdates", "result":"Done", "context":{"dataType":"History", "deleted":"0", "process_failed_to_decrypt":"0", "process_pending_decryption":"0", "process_success":"8", "total":"8"}}
{"logTime": "0620/151218", "correlationVector":"nHAWPqjTahLAe4QhwuL47y.4","action":"ProcessGetUpdates", "result":"Done", "context":{"dataType":"Edge Workspace", "deleted":"1", "process_failed_to_decrypt":"0", "process_pending_decryption":"0", "process_success":"1", "total":"1"}}
{"logTime": "0620/151218", "correlationVector":"nHAWPqjTahLAe4QhwuL47y.5","action":"GetUpdates Response", "result":"Success", "context":Received 11 update(s). cV=nHAWPqjTahLAe4QhwuL47y.0;server=akswtt101000047;cloudType=Consumer;environment=Prod_germanywestcentral_prod-s01-011-eur-germanywestcentral;migrationStage=NotStarted}
{"logTime": "0620/151218", "correlationVector":"CDo6TKwGMEOQ9vyGwqrXCr","action":"Commit Request", "result":"", "context":Item count: 3
Contributing types: Sessions, History}
{"logTime": "0620/151218", "correlationVector":"CDo6TKwGMEOQ9vyGwqrXCr.1","action":"SyncServerConnectionManagerRequest", "result":"SYNC_SERVER_OK", "context":{"environment":"Prod_germanywestcentral_prod-s01-011-eur-germanywestcentral", "migrationStage":"NotStarted", "server":"akswtt10100003z"}}
{"logTime": "0620/151218", "correlationVector":"CDo6TKwGMEOQ9vyGwqrXCr.2","action":"Commit Response", "result":"Success", "context":Result: Success. cV=CDo6TKwGMEOQ9vyGwqrXCr.0;server=akswtt10100003z;cloudType=Consumer;environment=Prod_germanywestcentral_prod-s01-011-eur-germanywestcentral;migrationStage=NotStarted}
{"logTime": "0620/151322", "correlationVector":"Ng8hcFs9FXh/qQGE+VCdJm","action":"Normal GetUpdate request", "result":"", "context":cV=Ng8hcFs9FXh/qQGE+VCdJm
Notified types: History}
{"logTime": "0620/151323", "correlationVector":"Ng8hcFs9FXh/qQGE+VCdJm.1","action":"SyncServerConnectionManagerRequest", "result":"SYNC_SERVER_OK", "context":{"environment":"Prod_germanywestcentral_prod-s01-011-eur-germanywestcentral", "migrationStage":"NotStarted", "server":"akswtt10100000m"}}
{"logTime": "0620/151323", "correlationVector":"Ng8hcFs9FXh/qQGE+VCdJm.2","action":"ProcessGetUpdates", "result":"Done", "context":{"dataType":"Sessions", "deleted":"0", "process_failed_to_decrypt":"0", "process_pending_decryption":"0", "process_success":"3", "total":"3"}}
{"logTime": "0620/151323", "correlationVector":"Ng8hcFs9FXh/qQGE+VCdJm.3","action":"ProcessGetUpdates", "result":"Done", "context":{"dataType":"History", "deleted":"0", "process_failed_to_decrypt":"0", "process_pending_decryption":"0", "process_success":"4", "total":"4"}}
{"logTime": "0620/151323", "correlationVector":"Ng8hcFs9FXh/qQGE+VCdJm.4","action":"GetUpdates Response", "result":"Success", "context":Received 7 update(s). cV=Ng8hcFs9FXh/qQGE+VCdJm.0;server=akswtt10100000m;cloudType=Consumer;environment=Prod_germanywestcentral_prod-s01-011-eur-germanywestcentral;migrationStage=NotStarted}
{"logTime": "0620/151405", "correlationVector":"q+DqzaBPC0SRYU59ccGuP7","action":"Normal GetUpdate request", "result":"", "context":cV=q+DqzaBPC0SRYU59ccGuP7
Notified types: Device Info}
{"logTime": "0620/151405", "correlationVector":"q+DqzaBPC0SRYU59ccGuP7.1","action":"SyncServerConnectionManagerRequest", "result":"SYNC_SERVER_OK", "context":{"environment":"Prod_germanywestcentral_prod-s01-011-eur-germanywestcentral", "migrationStage":"NotStarted", "server":"akswtt101000043"}}
{"logTime": "0620/151405", "correlationVector":"q+DqzaBPC0SRYU59ccGuP7.2","action":"ProcessGetUpdates", "result":"Done", "context":{"dataType":"Preferences", "deleted":"0", "process_failed_to_decrypt":"0", "process_pending_decryption":"0", "process_success":"1", "total":"1"}}
{"logTime": "0620/151405", "correlationVector":"q+DqzaBPC0SRYU59ccGuP7.3","action":"ProcessGetUpdates", "result":"Done", "context":{"dataType":"Device Info", "deleted":"0", "process_failed_to_decrypt":"0", "process_pending_decryption":"0", "process_success":"1", "total":"1"}}
{"logTime": "0620/151405", "correlationVector":"q+DqzaBPC0SRYU59ccGuP7.4","action":"GetUpdates Response", "result":"Success", "context":Received 2 update(s). cV=q+DqzaBPC0SRYU59ccGuP7.0;server=akswtt101000043;cloudType=Consumer;environment=Prod_germanywestcentral_prod-s01-011-eur-germanywestcentral;migrationStage=NotStarted}
{"logTime": "0620/152051", "correlationVector":"g6wvr7WEuuGedHq1Sr+GzO","action":"Normal GetUpdate request", "result":"", "context":cV=g6wvr7WEuuGedHq1Sr+GzO
Notified types: History}
{"logTime": "0620/152051", "correlationVector":"g6wvr7WEuuGedHq1Sr+GzO.1","action":"SyncServerConnectionManagerRequest", "result":"SYNC_SERVER_OK", "context":{"environment":"Prod_germanywestcentral_prod-s01-010-eur-germanywestcentral", "migrationStage":"NotStarted", "server":"akswtt00200001z"}}
{"logTime": "0620/152052", "correlationVector":"g6wvr7WEuuGedHq1Sr+GzO.2","action":"ProcessGetUpdates", "result":"Done", "context":{"dataType":"Sessions", "deleted":"0", "process_failed_to_decrypt":"0", "process_pending_decryption":"0", "process_success":"2", "total":"2"}}
{"logTime": "0620/152052", "correlationVector":"g6wvr7WEuuGedHq1Sr+GzO.3","action":"ProcessGetUpdates", "result":"Done", "context":{"dataType":"History", "deleted":"0", "process_failed_to_decrypt":"0", "process_pending_decryption":"0", "process_success":"2", "total":"2"}}
{"logTime": "0620/152052", "correlationVector":"g6wvr7WEuuGedHq1Sr+GzO.4","action":"GetUpdates Response", "result":"Success", "context":Received 4 update(s). cV=g6wvr7WEuuGedHq1Sr+GzO.0;server=akswtt00200001z;cloudType=Consumer;environment=Prod_germanywestcentral_prod-s01-010-eur-germanywestcentral;migrationStage=NotStarted}
{"logTime": "0620/152530", "correlationVector":"dN/QCCkxBaPcxizekIXk+2","action":"Normal GetUpdate request", "result":"", "context":cV=dN/QCCkxBaPcxizekIXk+2
Notified types: Device Info, Edge Workspace}
{"logTime": "0620/152530", "correlationVector":"dN/QCCkxBaPcxizekIXk+2.1","action":"SyncServerConnectionManagerRequest", "result":"SYNC_SERVER_OK", "context":{"environment":"Prod_germanywestcentral_prod-s01-010-eur-germanywestcentral", "migrationStage":"NotStarted", "server":"akswtt00200001z"}}
{"logTime": "0620/152530", "correlationVector":"dN/QCCkxBaPcxizekIXk+2.2","action":"ProcessGetUpdates", "result":"Done", "context":{"dataType":"Device Info", "deleted":"0", "process_failed_to_decrypt":"0", "process_pending_decryption":"0", "process_success":"1", "total":"1"}}
{"logTime": "0620/152530", "correlationVector":"dN/QCCkxBaPcxizekIXk+2.3","action":"ProcessGetUpdates", "result":"Done", "context":{"dataType":"Edge Workspace", "deleted":"0", "process_failed_to_decrypt":"0", "process_pending_decryption":"0", "process_success":"1", "total":"1"}}
{"logTime": "0620/152530", "correlationVector":"dN/QCCkxBaPcxizekIXk+2.4","action":"GetUpdates Response", "result":"Success", "context":Received 2 update(s). cV=dN/QCCkxBaPcxizekIXk+2.0;server=akswtt00200001z;cloudType=Consumer;environment=Prod_germanywestcentral_prod-s01-010-eur-germanywestcentral;migrationStage=NotStarted}
{"logTime": "0620/152533", "correlationVector":"7eEUw03O8m0Fxjxd6iARO7","action":"Normal GetUpdate request", "result":"", "context":cV=7eEUw03O8m0Fxjxd6iARO7
Notified types: Edge Workspace}
{"logTime": "0620/152533", "correlationVector":"7eEUw03O8m0Fxjxd6iARO7.1","action":"SyncServerConnectionManagerRequest", "result":"SYNC_SERVER_OK", "context":{"environment":"Prod_germanywestcentral_prod-s01-010-eur-germanywestcentral", "migrationStage":"NotStarted", "server":"akswtt00200001z"}}
{"logTime": "0620/152533", "correlationVector":"7eEUw03O8m0Fxjxd6iARO7.2","action":"ProcessGetUpdates", "result":"Done", "context":{"dataType":"Preferences", "deleted":"0", "process_failed_to_decrypt":"0", "process_pending_decryption":"0", "process_success":"1", "total":"1"}}
{"logTime": "0620/152533", "correlationVector":"7eEUw03O8m0Fxjxd6iARO7.3","action":"ProcessGetUpdates", "result":"Done", "context":{"dataType":"Edge Workspace", "deleted":"0", "process_failed_to_decrypt":"0", "process_pending_decryption":"0", "process_success":"1", "total":"1"}}
{"logTime": "0620/152533", "correlationVector":"7eEUw03O8m0Fxjxd6iARO7.4","action":"GetUpdates Response", "result":"Success", "context":Received 2 update(s). cV=7eEUw03O8m0Fxjxd6iARO7.0;server=akswtt00200001z;cloudType=Consumer;environment=Prod_germanywestcentral_prod-s01-010-eur-germanywestcentral;migrationStage=NotStarted}
{"logTime": "0620/152542", "correlationVector":"iXEkhOiuIsEWFypzCnVp1u","action":"Normal GetUpdate request", "result":"", "context":cV=iXEkhOiuIsEWFypzCnVp1u
Notified types: History Delete Directives, History, Edge Workspace}
{"logTime": "0620/152542", "correlationVector":"iXEkhOiuIsEWFypzCnVp1u.1","action":"SyncServerConnectionManagerRequest", "result":"SYNC_SERVER_OK", "context":{"environment":"Prod_germanywestcentral_prod-s01-010-eur-germanywestcentral", "migrationStage":"NotStarted", "server":"akswtt00200001u"}}
{"logTime": "0620/152542", "correlationVector":"iXEkhOiuIsEWFypzCnVp1u.2","action":"ProcessGetUpdates", "result":"Done", "context":{"dataType":"History Delete Directives", "deleted":"0", "process_failed_to_decrypt":"0", "process_pending_decryption":"0", "process_success":"1", "total":"1"}}
{"logTime": "0620/152542", "correlationVector":"iXEkhOiuIsEWFypzCnVp1u.3","action":"ProcessGetUpdates", "result":"Done", "context":{"dataType":"History", "deleted":"27", "process_failed_to_decrypt":"0", "process_pending_decryption":"0", "process_success":"35", "total":"35"}}
{"logTime": "0620/152542", "correlationVector":"iXEkhOiuIsEWFypzCnVp1u.4","action":"ProcessGetUpdates", "result":"Done", "context":{"dataType":"Edge Workspace", "deleted":"0", "process_failed_to_decrypt":"0", "process_pending_decryption":"0", "process_success":"1", "total":"1"}}
{"logTime": "0620/152542", "correlationVector":"iXEkhOiuIsEWFypzCnVp1u.5","action":"GetUpdates Response", "result":"Success", "context":Received 37 update(s). cV=iXEkhOiuIsEWFypzCnVp1u.0;server=akswtt00200001u;cloudType=Consumer;environment=Prod_germanywestcentral_prod-s01-010-eur-germanywestcentral;migrationStage=NotStarted}
{"logTime": "0620/152604", "correlationVector":"KuzcwfF+r6RtlEhGDrZeUa","action":"Normal GetUpdate request", "result":"", "context":cV=KuzcwfF+r6RtlEhGDrZeUa
Nudged types: Sessions
Notified types: History, Edge Workspace}
{"logTime": "0620/152604", "correlationVector":"KuzcwfF+r6RtlEhGDrZeUa.1","action":"SyncServerConnectionManagerRequest", "result":"SYNC_SERVER_OK", "context":{"environment":"Prod_germanywestcentral_prod-s01-010-eur-germanywestcentral", "migrationStage":"NotStarted", "server":"akswtt00200001a"}}
{"logTime": "0620/152604", "correlationVector":"KuzcwfF+r6RtlEhGDrZeUa.2","action":"ProcessGetUpdates", "result":"Done", "context":{"dataType":"Sessions", "deleted":"0", "process_failed_to_decrypt":"0", "process_pending_decryption":"0", "process_success":"2", "total":"2"}}
{"logTime": "0620/152604", "correlationVector":"KuzcwfF+r6RtlEhGDrZeUa.3","action":"ProcessGetUpdates", "result":"Done", "context":{"dataType":"Device Info", "deleted":"0", "process_failed_to_decrypt":"0", "process_pending_decryption":"0", "process_success":"1", "total":"1"}}
{"logTime": "0620/152604", "correlationVector":"KuzcwfF+r6RtlEhGDrZeUa.4","action":"ProcessGetUpdates", "result":"Done", "context":{"dataType":"History", "deleted":"0", "process_failed_to_decrypt":"0", "process_pending_decryption":"0", "process_success":"1", "total":"1"}}
{"logTime": "0620/152604", "correlationVector":"KuzcwfF+r6RtlEhGDrZeUa.5","action":"ProcessGetUpdates", "result":"Done", "context":{"dataType":"Edge Workspace", "deleted":"0", "process_failed_to_decrypt":"0", "process_pending_decryption":"0", "process_success":"1", "total":"1"}}
{"logTime": "0620/152604", "correlationVector":"KuzcwfF+r6RtlEhGDrZeUa.6","action":"GetUpdates Response", "result":"Success", "context":Received 5 update(s). cV=KuzcwfF+r6RtlEhGDrZeUa.0;server=akswtt00200001a;cloudType=Consumer;environment=Prod_germanywestcentral_prod-s01-010-eur-germanywestcentral;migrationStage=NotStarted}
{"logTime": "0620/152604", "correlationVector":"EGdyw58MHMSd5xcERn6PUZ","action":"Commit Request", "result":"", "context":Item count: 1
Contributing types: Sessions}
{"logTime": "0620/152604", "correlationVector":"EGdyw58MHMSd5xcERn6PUZ.1","action":"SyncServerConnectionManagerRequest", "result":"SYNC_SERVER_OK", "context":{"environment":"Prod_germanywestcentral_prod-s01-010-eur-germanywestcentral", "migrationStage":"NotStarted", "server":"akswtt002000025"}}
{"logTime": "0620/152604", "correlationVector":"EGdyw58MHMSd5xcERn6PUZ.2","action":"Commit Response", "result":"Success", "context":Result: Success. cV=EGdyw58MHMSd5xcERn6PUZ.0;server=akswtt002000025;cloudType=Consumer;environment=Prod_germanywestcentral_prod-s01-010-eur-germanywestcentral;migrationStage=NotStarted}
{"logTime": "0620/152605", "correlationVector":"6n/ey4MgULRw3Z87YlQdP3","action":"Normal GetUpdate request", "result":"", "context":cV=6n/ey4MgULRw3Z87YlQdP3
Nudged types: Sessions
Notified types: Device Info}
{"logTime": "0620/152605", "correlationVector":"6n/ey4MgULRw3Z87YlQdP3.1","action":"SyncServerConnectionManagerRequest", "result":"SYNC_SERVER_OK", "context":{"environment":"Prod_germanywestcentral_prod-s01-010-eur-germanywestcentral", "migrationStage":"NotStarted", "server":"akswtt00200001a"}}
{"logTime": "0620/152605", "correlationVector":"6n/ey4MgULRw3Z87YlQdP3.2","action":"ProcessGetUpdates", "result":"Done", "context":{"dataType":"Sessions", "deleted":"0", "process_failed_to_decrypt":"0", "process_pending_decryption":"0", "process_success":"1", "total":"1"}}
{"logTime": "0620/152605", "correlationVector":"6n/ey4MgULRw3Z87YlQdP3.3","action":"GetUpdates Response", "result":"Success", "context":Received 1 update(s). cV=6n/ey4MgULRw3Z87YlQdP3.0;server=akswtt00200001a;cloudType=Consumer;environment=Prod_germanywestcentral_prod-s01-010-eur-germanywestcentral;migrationStage=NotStarted}
{"logTime": "0620/152615", "correlationVector":"FNNRO/BFuJlvIustk+BC+9","action":"Normal GetUpdate request", "result":"", "context":cV=FNNRO/BFuJlvIustk+BC+9
Notified types: Device Info}
{"logTime": "0620/152615", "correlationVector":"FNNRO/BFuJlvIustk+BC+9.1","action":"SyncServerConnectionManagerRequest", "result":"SYNC_SERVER_OK", "context":{"environment":"Prod_germanywestcentral_prod-s01-010-eur-germanywestcentral", "migrationStage":"NotStarted", "server":"akswtt002000018"}}
{"logTime": "0620/152615", "correlationVector":"FNNRO/BFuJlvIustk+BC+9.2","action":"ProcessGetUpdates", "result":"Done", "context":{"dataType":"Preferences", "deleted":"0", "process_failed_to_decrypt":"0", "process_pending_decryption":"0", "process_success":"1", "total":"1"}}
{"logTime": "0620/152615", "correlationVector":"FNNRO/BFuJlvIustk+BC+9.3","action":"ProcessGetUpdates", "result":"Done", "context":{"dataType":"Device Info", "deleted":"0", "process_failed_to_decrypt":"0", "process_pending_decryption":"0", "process_success":"1", "total":"1"}}
{"logTime": "0620/152615", "correlationVector":"FNNRO/BFuJlvIustk+BC+9.4","action":"GetUpdates Response", "result":"Success", "context":Received 2 update(s). cV=FNNRO/BFuJlvIustk+BC+9.0;server=akswtt002000018;cloudType=Consumer;environment=Prod_germanywestcentral_prod-s01-010-eur-germanywestcentral;migrationStage=NotStarted}
{"logTime": "0620/152627", "correlationVector":"rZHxMQmIrgcBZjQmJj6u5I","action":"Normal GetUpdate request", "result":"", "context":cV=rZHxMQmIrgcBZjQmJj6u5I
Notified types: Device Info, History}
{"logTime": "0620/152627", "correlationVector":"rZHxMQmIrgcBZjQmJj6u5I.1","action":"SyncServerConnectionManagerRequest", "result":"SYNC_SERVER_OK", "context":{"environment":"Prod_germanywestcentral_prod-s01-010-eur-germanywestcentral", "migrationStage":"NotStarted", "server":"akswtt00200001f"}}
{"logTime": "0620/152627", "correlationVector":"rZHxMQmIrgcBZjQmJj6u5I.2","action":"ProcessGetUpdates", "result":"Done", "context":{"dataType":"Sessions", "deleted":"0", "process_failed_to_decrypt":"0", "process_pending_decryption":"0", "process_success":"2", "total":"2"}}
{"logTime": "0620/152627", "correlationVector":"rZHxMQmIrgcBZjQmJj6u5I.3","action":"ProcessGetUpdates", "result":"Done", "context":{"dataType":"Device Info", "deleted":"0", "process_failed_to_decrypt":"0", "process_pending_decryption":"0", "process_success":"1", "total":"1"}}
{"logTime": "0620/152627", "correlationVector":"rZHxMQmIrgcBZjQmJj6u5I.4","action":"ProcessGetUpdates", "result":"Done", "context":{"dataType":"History", "deleted":"0", "process_failed_to_decrypt":"0", "process_pending_decryption":"0", "process_success":"1", "total":"1"}}
{"logTime": "0620/152627", "correlationVector":"rZHxMQmIrgcBZjQmJj6u5I.5","action":"GetUpdates Response", "result":"Success", "context":Received 4 update(s). cV=rZHxMQmIrgcBZjQmJj6u5I.0;server=akswtt00200001f;cloudType=Consumer;environment=Prod_germanywestcentral_prod-s01-010-eur-germanywestcentral;migrationStage=NotStarted}
{"logTime": "0620/152634", "correlationVector":"YfS4iX+7fiLQcYzGhP7OEf","action":"Normal GetUpdate request", "result":"", "context":cV=YfS4iX+7fiLQcYzGhP7OEf
Notified types: History, Edge Workspace}
{"logTime": "0620/152634", "correlationVector":"YfS4iX+7fiLQcYzGhP7OEf.1","action":"SyncServerConnectionManagerRequest", "result":"SYNC_SERVER_OK", "context":{"environment":"Prod_germanywestcentral_prod-s01-010-eur-germanywestcentral", "migrationStage":"NotStarted", "server":"akswtt00200001n"}}
{"logTime": "0620/152634", "correlationVector":"YfS4iX+7fiLQcYzGhP7OEf.2","action":"ProcessGetUpdates", "result":"Done", "context":{"dataType":"Sessions", "deleted":"0", "process_failed_to_decrypt":"0", "process_pending_decryption":"0", "process_success":"3", "total":"3"}}
{"logTime": "0620/152634", "correlationVector":"YfS4iX+7fiLQcYzGhP7OEf.3","action":"ProcessGetUpdates", "result":"Done", "context":{"dataType":"History", "deleted":"0", "process_failed_to_decrypt":"0", "process_pending_decryption":"0", "process_success":"2", "total":"2"}}
{"logTime": "0620/152634", "correlationVector":"YfS4iX+7fiLQcYzGhP7OEf.4","action":"ProcessGetUpdates", "result":"Done", "context":{"dataType":"Edge Workspace", "deleted":"0", "process_failed_to_decrypt":"0", "process_pending_decryption":"0", "process_success":"1", "total":"1"}}
{"logTime": "0620/152634", "correlationVector":"YfS4iX+7fiLQcYzGhP7OEf.5","action":"GetUpdates Response", "result":"Success", "context":Received 6 update(s). cV=YfS4iX+7fiLQcYzGhP7OEf.0;server=akswtt00200001n;cloudType=Consumer;environment=Prod_germanywestcentral_prod-s01-010-eur-germanywestcentral;migrationStage=NotStarted}
{"logTime": "0620/152635", "correlationVector":"uIUROEvJBtEGcKvQHtFDUa","action":"Normal GetUpdate request", "result":"", "context":cV=uIUROEvJBtEGcKvQHtFDUa
Notified types: History, Edge Workspace}
{"logTime": "0620/152635", "correlationVector":"uIUROEvJBtEGcKvQHtFDUa.1","action":"SyncServerConnectionManagerRequest", "result":"SYNC_SERVER_OK", "context":{"environment":"Prod_germanywestcentral_prod-s01-010-eur-germanywestcentral", "migrationStage":"NotStarted", "server":"akswtt00200000i"}}
{"logTime": "0620/152635", "correlationVector":"uIUROEvJBtEGcKvQHtFDUa.2","action":"ProcessGetUpdates", "result":"Done", "context":{"dataType":"Sessions", "deleted":"0", "process_failed_to_decrypt":"0", "process_pending_decryption":"0", "process_success":"1", "total":"1"}}
{"logTime": "0620/152635", "correlationVector":"uIUROEvJBtEGcKvQHtFDUa.3","action":"ProcessGetUpdates", "result":"Done", "context":{"dataType":"History", "deleted":"0", "process_failed_to_decrypt":"0", "process_pending_decryption":"0", "process_success":"1", "total":"1"}}
{"logTime": "0620/152635", "correlationVector":"uIUROEvJBtEGcKvQHtFDUa.4","action":"ProcessGetUpdates", "result":"Done", "context":{"dataType":"Edge Workspace", "deleted":"0", "process_failed_to_decrypt":"0", "process_pending_decryption":"0", "process_success":"1", "total":"1"}}
{"logTime": "0620/152635", "correlationVector":"uIUROEvJBtEGcKvQHtFDUa.5","action":"GetUpdates Response", "result":"Success", "context":Received 3 update(s). cV=uIUROEvJBtEGcKvQHtFDUa.0;server=akswtt00200000i;cloudType=Consumer;environment=Prod_germanywestcentral_prod-s01-010-eur-germanywestcentral;migrationStage=NotStarted}
{"logTime": "0620/152857", "correlationVector":"KWXV/fSxNV8/k1mPHcCdrH","action":"Normal GetUpdate request", "result":"", "context":cV=KWXV/fSxNV8/k1mPHcCdrH
Notified types: Edge Workspace}
{"logTime": "0620/152857", "correlationVector":"KWXV/fSxNV8/k1mPHcCdrH.1","action":"SyncServerConnectionManagerRequest", "result":"SYNC_SERVER_OK", "context":{"environment":"Prod_germanywestcentral_prod-s01-011-eur-germanywestcentral", "migrationStage":"NotStarted", "server":"akswtt10100000m"}}
{"logTime": "0620/152857", "correlationVector":"KWXV/fSxNV8/k1mPHcCdrH.2","action":"ProcessGetUpdates", "result":"Done", "context":{"dataType":"Sessions", "deleted":"0", "process_failed_to_decrypt":"0", "process_pending_decryption":"0", "process_success":"3", "total":"3"}}
{"logTime": "0620/152857", "correlationVector":"KWXV/fSxNV8/k1mPHcCdrH.3","action":"ProcessGetUpdates", "result":"Done", "context":{"dataType":"Edge Workspace", "deleted":"0", "process_failed_to_decrypt":"0", "process_pending_decryption":"0", "process_success":"1", "total":"1"}}
{"logTime": "0620/152857", "correlationVector":"KWXV/fSxNV8/k1mPHcCdrH.4","action":"GetUpdates Response", "result":"Success", "context":Received 4 update(s). cV=KWXV/fSxNV8/k1mPHcCdrH.0;server=akswtt10100000m;cloudType=Consumer;environment=Prod_germanywestcentral_prod-s01-011-eur-germanywestcentral;migrationStage=NotStarted}
{"logTime": "0620/153334", "correlationVector":"nrnGSbvlG04foGTXf2IixG","action":"Normal GetUpdate request", "result":"", "context":cV=nrnGSbvlG04foGTXf2IixG
Notified types: History, Edge Workspace}
{"logTime": "0620/153335", "correlationVector":"nrnGSbvlG04foGTXf2IixG.1","action":"SyncServerConnectionManagerRequest", "result":"SYNC_SERVER_OK", "context":{"environment":"Prod_germanywestcentral_prod-s01-010-eur-germanywestcentral", "migrationStage":"NotStarted", "server":"akswtt00200001x"}}
{"logTime": "0620/153335", "correlationVector":"nrnGSbvlG04foGTXf2IixG.2","action":"ProcessGetUpdates", "result":"Done", "context":{"dataType":"Sessions", "deleted":"0", "process_failed_to_decrypt":"0", "process_pending_decryption":"0", "process_success":"2", "total":"2"}}
{"logTime": "0620/153335", "correlationVector":"nrnGSbvlG04foGTXf2IixG.3","action":"ProcessGetUpdates", "result":"Done", "context":{"dataType":"History", "deleted":"0", "process_failed_to_decrypt":"0", "process_pending_decryption":"0", "process_success":"5", "total":"5"}}
{"logTime": "0620/153335", "correlationVector":"nrnGSbvlG04foGTXf2IixG.4","action":"ProcessGetUpdates", "result":"Done", "context":{"dataType":"Edge Workspace", "deleted":"0", "process_failed_to_decrypt":"0", "process_pending_decryption":"0", "process_success":"1", "total":"1"}}
{"logTime": "0620/153335", "correlationVector":"nrnGSbvlG04foGTXf2IixG.5","action":"GetUpdates Response", "result":"Success", "context":Received 8 update(s). cV=nrnGSbvlG04foGTXf2IixG.0;server=akswtt00200001x;cloudType=Consumer;environment=Prod_germanywestcentral_prod-s01-010-eur-germanywestcentral;migrationStage=NotStarted}
{"logTime": "0620/153359", "correlationVector":"KBSP8vIdlB8huVnmxKZZZd","action":"Normal GetUpdate request", "result":"", "context":cV=KBSP8vIdlB8huVnmxKZZZd
Notified types: History, Edge Workspace}
{"logTime": "0620/153359", "correlationVector":"KBSP8vIdlB8huVnmxKZZZd.1","action":"SyncServerConnectionManagerRequest", "result":"SYNC_SERVER_OK", "context":{"environment":"Prod_germanywestcentral_prod-s01-010-eur-germanywestcentral", "migrationStage":"NotStarted", "server":"akswtt002000018"}}
{"logTime": "0620/153359", "correlationVector":"KBSP8vIdlB8huVnmxKZZZd.2","action":"ProcessGetUpdates", "result":"Done", "context":{"dataType":"Sessions", "deleted":"0", "process_failed_to_decrypt":"0", "process_pending_decryption":"0", "process_success":"2", "total":"2"}}
{"logTime": "0620/153359", "correlationVector":"KBSP8vIdlB8huVnmxKZZZd.3","action":"ProcessGetUpdates", "result":"Done", "context":{"dataType":"History", "deleted":"0", "process_failed_to_decrypt":"0", "process_pending_decryption":"0", "process_success":"4", "total":"4"}}
{"logTime": "0620/153359", "correlationVector":"KBSP8vIdlB8huVnmxKZZZd.4","action":"ProcessGetUpdates", "result":"Done", "context":{"dataType":"Edge Workspace", "deleted":"0", "process_failed_to_decrypt":"0", "process_pending_decryption":"0", "process_success":"1", "total":"1"}}
{"logTime": "0620/153359", "correlationVector":"KBSP8vIdlB8huVnmxKZZZd.5","action":"GetUpdates Response", "result":"Success", "context":Received 7 update(s). cV=KBSP8vIdlB8huVnmxKZZZd.0;server=akswtt002000018;cloudType=Consumer;environment=Prod_germanywestcentral_prod-s01-010-eur-germanywestcentral;migrationStage=NotStarted}
{"logTime": "0620/153456", "correlationVector":"A8cWSLn+2umTSKQ0DUWwJ8","action":"Normal GetUpdate request", "result":"", "context":cV=A8cWSLn+2umTSKQ0DUWwJ8
Nudged types: Sessions, History
Notified types: Device Info}
{"logTime": "0620/153456", "correlationVector":"A8cWSLn+2umTSKQ0DUWwJ8.1","action":"SyncServerConnectionManagerRequest", "result":"SYNC_SERVER_OK", "context":{"environment":"Prod_germanywestcentral_prod-s01-010-eur-germanywestcentral", "migrationStage":"NotStarted", "server":"akswtt00200001i"}}
{"logTime": "0620/153456", "correlationVector":"A8cWSLn+2umTSKQ0DUWwJ8.2","action":"ProcessGetUpdates", "result":"Done", "context":{"dataType":"Sessions", "deleted":"1", "process_failed_to_decrypt":"0", "process_pending_decryption":"0", "process_success":"4", "total":"4"}}
{"logTime": "0620/153456", "correlationVector":"A8cWSLn+2umTSKQ0DUWwJ8.3","action":"ProcessGetUpdates", "result":"Done", "context":{"dataType":"Device Info", "deleted":"0", "process_failed_to_decrypt":"0", "process_pending_decryption":"0", "process_success":"1", "total":"1"}}
{"logTime": "0620/153456", "correlationVector":"A8cWSLn+2umTSKQ0DUWwJ8.4","action":"GetUpdates Response", "result":"Success", "context":Received 5 update(s). cV=A8cWSLn+2umTSKQ0DUWwJ8.0;server=akswtt00200001i;cloudType=Consumer;environment=Prod_germanywestcentral_prod-s01-010-eur-germanywestcentral;migrationStage=NotStarted}
{"logTime": "0620/153456", "correlationVector":"nlruTq76PuYmp3lLlYp3xi","action":"Commit Request", "result":"", "context":Item count: 2
Contributing types: Sessions, History}
{"logTime": "0620/153457", "correlationVector":"nlruTq76PuYmp3lLlYp3xi.1","action":"SyncServerConnectionManagerRequest", "result":"SYNC_SERVER_OK", "context":{"environment":"Prod_germanywestcentral_prod-s01-010-eur-germanywestcentral", "migrationStage":"NotStarted", "server":"akswtt00200000z"}}
{"logTime": "0620/153457", "correlationVector":"nlruTq76PuYmp3lLlYp3xi.2","action":"Commit Response", "result":"Success", "context":Result: Success. cV=nlruTq76PuYmp3lLlYp3xi.0;server=akswtt00200000z;cloudType=Consumer;environment=Prod_germanywestcentral_prod-s01-010-eur-germanywestcentral;migrationStage=NotStarted}
{"logTime": "0620/153531", "correlationVector":"fguDNcx/KgHGVbdc7FnA5P","action":"Normal GetUpdate request", "result":"", "context":cV=fguDNcx/KgHGVbdc7FnA5P
Nudged types: Sessions, History
Notified types: Device Info}
{"logTime": "0620/153531", "correlationVector":"fguDNcx/KgHGVbdc7FnA5P.1","action":"SyncServerConnectionManagerRequest", "result":"SYNC_SERVER_OK", "context":{"environment":"Prod_germanywestcentral_prod-s01-010-eur-germanywestcentral", "migrationStage":"NotStarted", "server":"akswtt00200001m"}}
{"logTime": "0620/153531", "correlationVector":"fguDNcx/KgHGVbdc7FnA5P.2","action":"ProcessGetUpdates", "result":"Done", "context":{"dataType":"Preferences", "deleted":"0", "process_failed_to_decrypt":"0", "process_pending_decryption":"0", "process_success":"1", "total":"1"}}
{"logTime": "0620/153531", "correlationVector":"fguDNcx/KgHGVbdc7FnA5P.3","action":"ProcessGetUpdates", "result":"Done", "context":{"dataType":"Sessions", "deleted":"0", "process_failed_to_decrypt":"0", "process_pending_decryption":"0", "process_success":"1", "total":"1"}}
{"logTime": "0620/153531", "correlationVector":"fguDNcx/KgHGVbdc7FnA5P.4","action":"ProcessGetUpdates", "result":"Done", "context":{"dataType":"Device Info", "deleted":"0", "process_failed_to_decrypt":"0", "process_pending_decryption":"0", "process_success":"1", "total":"1"}}
{"logTime": "0620/153531", "correlationVector":"fguDNcx/KgHGVbdc7FnA5P.5","action":"ProcessGetUpdates", "result":"Done", "context":{"dataType":"History", "deleted":"0", "process_failed_to_decrypt":"0", "process_pending_decryption":"0", "process_success":"1", "total":"1"}}
{"logTime": "0620/153531", "correlationVector":"fguDNcx/KgHGVbdc7FnA5P.6","action":"GetUpdates Response", "result":"Success", "context":Received 4 update(s). cV=fguDNcx/KgHGVbdc7FnA5P.0;server=akswtt00200001m;cloudType=Consumer;environment=Prod_germanywestcentral_prod-s01-010-eur-germanywestcentral;migrationStage=NotStarted}
{"logTime": "0620/153552", "correlationVector":"gaBQYeqknBpcNC1lotEbr/","action":"Normal GetUpdate request", "result":"", "context":cV=gaBQYeqknBpcNC1lotEbr/
Notified types: Device Info}
{"logTime": "0620/153552", "correlationVector":"gaBQYeqknBpcNC1lotEbr/.1","action":"SyncServerConnectionManagerRequest", "result":"SYNC_SERVER_OK", "context":{"environment":"Prod_germanywestcentral_prod-s01-010-eur-germanywestcentral", "migrationStage":"NotStarted", "server":"akswtt00200001f"}}
{"logTime": "0620/153552", "correlationVector":"gaBQYeqknBpcNC1lotEbr/.2","action":"ProcessGetUpdates", "result":"Done", "context":{"dataType":"Preferences", "deleted":"0", "process_failed_to_decrypt":"0", "process_pending_decryption":"0", "process_success":"1", "total":"1"}}
{"logTime": "0620/153552", "correlationVector":"gaBQYeqknBpcNC1lotEbr/.3","action":"ProcessGetUpdates", "result":"Done", "context":{"dataType":"Device Info", "deleted":"0", "process_failed_to_decrypt":"0", "process_pending_decryption":"0", "process_success":"1", "total":"1"}}
{"logTime": "0620/153552", "correlationVector":"gaBQYeqknBpcNC1lotEbr/.4","action":"GetUpdates Response", "result":"Success", "context":Received 2 update(s). cV=gaBQYeqknBpcNC1lotEbr/.0;server=akswtt00200001f;cloudType=Consumer;environment=Prod_germanywestcentral_prod-s01-010-eur-germanywestcentral;migrationStage=NotStarted}
{"logTime": "0620/153845", "correlationVector":"ieBGlSqjMjOOvCq/ECj+0I","action":"Normal GetUpdate request", "result":"", "context":cV=ieBGlSqjMjOOvCq/ECj+0I
Nudged types: Sessions, History
Notified types: Device Info, History}
{"logTime": "0620/153845", "correlationVector":"ieBGlSqjMjOOvCq/ECj+0I.1","action":"SyncServerConnectionManagerRequest", "result":"SYNC_SERVER_OK", "context":{"environment":"Prod_germanywestcentral_prod-s01-010-eur-germanywestcentral", "migrationStage":"NotStarted", "server":"akswtt00200000x"}}
{"logTime": "0620/153845", "correlationVector":"ieBGlSqjMjOOvCq/ECj+0I.2","action":"ProcessGetUpdates", "result":"Done", "context":{"dataType":"Preferences", "deleted":"0", "process_failed_to_decrypt":"0", "process_pending_decryption":"0", "process_success":"1", "total":"1"}}
{"logTime": "0620/153845", "correlationVector":"ieBGlSqjMjOOvCq/ECj+0I.3","action":"ProcessGetUpdates", "result":"Done", "context":{"dataType":"Sessions", "deleted":"1", "process_failed_to_decrypt":"0", "process_pending_decryption":"0", "process_success":"3", "total":"3"}}
{"logTime": "0620/153845", "correlationVector":"ieBGlSqjMjOOvCq/ECj+0I.4","action":"ProcessGetUpdates", "result":"Done", "context":{"dataType":"Device Info", "deleted":"0", "process_failed_to_decrypt":"0", "process_pending_decryption":"0", "process_success":"1", "total":"1"}}
{"logTime": "0620/153845", "correlationVector":"ieBGlSqjMjOOvCq/ECj+0I.5","action":"ProcessGetUpdates", "result":"Done", "context":{"dataType":"History", "deleted":"0", "process_failed_to_decrypt":"0", "process_pending_decryption":"0", "process_success":"1", "total":"1"}}
{"logTime": "0620/153845", "correlationVector":"ieBGlSqjMjOOvCq/ECj+0I.6","action":"GetUpdates Response", "result":"Success", "context":Received 6 update(s). cV=ieBGlSqjMjOOvCq/ECj+0I.0;server=akswtt00200000x;cloudType=Consumer;environment=Prod_germanywestcentral_prod-s01-010-eur-germanywestcentral;migrationStage=NotStarted}
{"logTime": "0620/153845", "correlationVector":"M9k9WqFERACKZhRVu/eVm7","action":"Commit Request", "result":"", "context":Item count: 3
Contributing types: Sessions, History}
{"logTime": "0620/153846", "correlationVector":"M9k9WqFERACKZhRVu/eVm7.1","action":"SyncServerConnectionManagerRequest", "result":"SYNC_SERVER_OK", "context":{"environment":"Prod_germanywestcentral_prod-s01-010-eur-germanywestcentral", "migrationStage":"NotStarted", "server":"akswtt00200000x"}}
{"logTime": "0620/153846", "correlationVector":"M9k9WqFERACKZhRVu/eVm7.2","action":"Commit Response", "result":"Success", "context":Result: Success. cV=M9k9WqFERACKZhRVu/eVm7.0;server=akswtt00200000x;cloudType=Consumer;environment=Prod_germanywestcentral_prod-s01-010-eur-germanywestcentral;migrationStage=NotStarted}
{"logTime": "0620/153932", "correlationVector":"S8EIQqOkHGQZ7LEejEgiBk","action":"Normal GetUpdate request", "result":"", "context":cV=S8EIQqOkHGQZ7LEejEgiBk
Nudged types: Sessions, History
Notified types: Device Info}
{"logTime": "0620/153932", "correlationVector":"S8EIQqOkHGQZ7LEejEgiBk.1","action":"SyncServerConnectionManagerRequest", "result":"SYNC_SERVER_OK", "context":{"environment":"Prod_germanywestcentral_prod-s01-010-eur-germanywestcentral", "migrationStage":"NotStarted", "server":"akswtt00200001i"}}
{"logTime": "0620/153932", "correlationVector":"S8EIQqOkHGQZ7LEejEgiBk.2","action":"ProcessGetUpdates", "result":"Done", "context":{"dataType":"Preferences", "deleted":"0", "process_failed_to_decrypt":"0", "process_pending_decryption":"0", "process_success":"1", "total":"1"}}
{"logTime": "0620/153932", "correlationVector":"S8EIQqOkHGQZ7LEejEgiBk.3","action":"ProcessGetUpdates", "result":"Done", "context":{"dataType":"Sessions", "deleted":"0", "process_failed_to_decrypt":"0", "process_pending_decryption":"0", "process_success":"1", "total":"1"}}
{"logTime": "0620/153932", "correlationVector":"S8EIQqOkHGQZ7LEejEgiBk.4","action":"ProcessGetUpdates", "result":"Done", "context":{"dataType":"Device Info", "deleted":"0", "process_failed_to_decrypt":"0", "process_pending_decryption":"0", "process_success":"1", "total":"1"}}
{"logTime": "0620/153932", "correlationVector":"S8EIQqOkHGQZ7LEejEgiBk.5","action":"ProcessGetUpdates", "result":"Done", "context":{"dataType":"History", "deleted":"0", "process_failed_to_decrypt":"0", "process_pending_decryption":"0", "process_success":"2", "total":"2"}}
{"logTime": "0620/153932", "correlationVector":"S8EIQqOkHGQZ7LEejEgiBk.6","action":"GetUpdates Response", "result":"Success", "context":Received 5 update(s). cV=S8EIQqOkHGQZ7LEejEgiBk.0;server=akswtt00200001i;cloudType=Consumer;environment=Prod_germanywestcentral_prod-s01-010-eur-germanywestcentral;migrationStage=NotStarted}
{"logTime": "0620/154015", "correlationVector":"0eVLBplsCCvaAg9LrO/XY0","action":"Normal GetUpdate request", "result":"", "context":cV=0eVLBplsCCvaAg9LrO/XY0
Notified types: Device Info}
{"logTime": "0620/154016", "correlationVector":"0eVLBplsCCvaAg9LrO/XY0.1","action":"SyncServerConnectionManagerRequest", "result":"SYNC_SERVER_OK", "context":{"environment":"Prod_germanywestcentral_prod-s01-010-eur-germanywestcentral", "migrationStage":"NotStarted", "server":"akswtt00200001i"}}
{"logTime": "0620/154016", "correlationVector":"0eVLBplsCCvaAg9LrO/XY0.2","action":"ProcessGetUpdates", "result":"Done", "context":{"dataType":"Preferences", "deleted":"0", "process_failed_to_decrypt":"0", "process_pending_decryption":"0", "process_success":"1", "total":"1"}}
{"logTime": "0620/154016", "correlationVector":"0eVLBplsCCvaAg9LrO/XY0.3","action":"ProcessGetUpdates", "result":"Done", "context":{"dataType":"Device Info", "deleted":"0", "process_failed_to_decrypt":"0", "process_pending_decryption":"0", "process_success":"1", "total":"1"}}
{"logTime": "0620/154016", "correlationVector":"0eVLBplsCCvaAg9LrO/XY0.4","action":"GetUpdates Response", "result":"Success", "context":Received 2 update(s). cV=0eVLBplsCCvaAg9LrO/XY0.0;server=akswtt00200001i;cloudType=Consumer;environment=Prod_germanywestcentral_prod-s01-010-eur-germanywestcentral;migrationStage=NotStarted}
{"logTime": "0620/154215", "correlationVector":"vcdmHVhJ5btVVWYovIn/Rg","action":"Commit Request", "result":"", "context":Item count: 3
Contributing types: Sessions, History}
{"logTime": "0620/154216", "correlationVector":"vcdmHVhJ5btVVWYovIn/Rg.1","action":"SyncServerConnectionManagerRequest", "result":"SYNC_SERVER_OK", "context":{"environment":"Prod_germanywestcentral_prod-s01-011-eur-germanywestcentral", "migrationStage":"NotStarted", "server":"akswtt10100003g"}}
{"logTime": "0620/154216", "correlationVector":"vcdmHVhJ5btVVWYovIn/Rg.2","action":"Commit Response", "result":"Success", "context":Result: Success. cV=vcdmHVhJ5btVVWYovIn/Rg.0;server=akswtt10100003g;cloudType=Consumer;environment=Prod_germanywestcentral_prod-s01-011-eur-germanywestcentral;migrationStage=NotStarted}
{"logTime": "0620/154224", "correlationVector":"oqABrONhon8tOLUz0jnYLv","action":"Normal GetUpdate request", "result":"", "context":cV=oqABrONhon8tOLUz0jnYLv
Notified types: Device Info}
{"logTime": "0620/154224", "correlationVector":"oqABrONhon8tOLUz0jnYLv.1","action":"SyncServerConnectionManagerRequest", "result":"SYNC_SERVER_OK", "context":{"environment":"Prod_germanywestcentral_prod-s01-011-eur-germanywestcentral", "migrationStage":"NotStarted", "server":"akswtt10100004k"}}
{"logTime": "0620/154224", "correlationVector":"oqABrONhon8tOLUz0jnYLv.2","action":"ProcessGetUpdates", "result":"Done", "context":{"dataType":"Preferences", "deleted":"0", "process_failed_to_decrypt":"0", "process_pending_decryption":"0", "process_success":"1", "total":"1"}}
{"logTime": "0620/154224", "correlationVector":"oqABrONhon8tOLUz0jnYLv.3","action":"ProcessGetUpdates", "result":"Done", "context":{"dataType":"Sessions", "deleted":"0", "process_failed_to_decrypt":"0", "process_pending_decryption":"0", "process_success":"1", "total":"1"}}
{"logTime": "0620/154224", "correlationVector":"oqABrONhon8tOLUz0jnYLv.4","action":"ProcessGetUpdates", "result":"Done", "context":{"dataType":"Device Info", "deleted":"0", "process_failed_to_decrypt":"0", "process_pending_decryption":"0", "process_success":"1", "total":"1"}}
{"logTime": "0620/154224", "correlationVector":"oqABrONhon8tOLUz0jnYLv.5","action":"ProcessGetUpdates", "result":"Done", "context":{"dataType":"History", "deleted":"0", "process_failed_to_decrypt":"0", "process_pending_decryption":"0", "process_success":"2", "total":"2"}}
{"logTime": "0620/154224", "correlationVector":"oqABrONhon8tOLUz0jnYLv.6","action":"GetUpdates Response", "result":"Success", "context":Received 5 update(s). cV=oqABrONhon8tOLUz0jnYLv.0;server=akswtt10100004k;cloudType=Consumer;environment=Prod_germanywestcentral_prod-s01-011-eur-germanywestcentral;migrationStage=NotStarted}
{"logTime": "0620/154257", "correlationVector":"OO8KcQnCttTW5wbTizjIvV","action":"Normal GetUpdate request", "result":"", "context":cV=OO8KcQnCttTW5wbTizjIvV
Notified types: Device Info}
{"logTime": "0620/154257", "correlationVector":"OO8KcQnCttTW5wbTizjIvV.1","action":"SyncServerConnectionManagerRequest", "result":"SYNC_SERVER_OK", "context":{"environment":"Prod_germanywestcentral_prod-s01-011-eur-germanywestcentral", "migrationStage":"NotStarted", "server":"akswtt10100002w"}}
{"logTime": "0620/154257", "correlationVector":"OO8KcQnCttTW5wbTizjIvV.2","action":"ProcessGetUpdates", "result":"Done", "context":{"dataType":"Preferences", "deleted":"0", "process_failed_to_decrypt":"0", "process_pending_decryption":"0", "process_success":"1", "total":"1"}}
{"logTime": "0620/154257", "correlationVector":"OO8KcQnCttTW5wbTizjIvV.3","action":"ProcessGetUpdates", "result":"Done", "context":{"dataType":"Device Info", "deleted":"0", "process_failed_to_decrypt":"0", "process_pending_decryption":"0", "process_success":"1", "total":"1"}}
{"logTime": "0620/154257", "correlationVector":"OO8KcQnCttTW5wbTizjIvV.4","action":"GetUpdates Response", "result":"Success", "context":Received 2 update(s). cV=OO8KcQnCttTW5wbTizjIvV.0;server=akswtt10100002w;cloudType=Consumer;environment=Prod_germanywestcentral_prod-s01-011-eur-germanywestcentral;migrationStage=NotStarted}
{"logTime": "0620/154734", "correlationVector":"PYwHU3n8cACTwn7c1YaUpA","action":"Commit Request", "result":"", "context":Item count: 3
Contributing types: Sessions, History}
{"logTime": "0620/154735", "correlationVector":"PYwHU3n8cACTwn7c1YaUpA.1","action":"SyncServerConnectionManagerRequest", "result":"SYNC_SERVER_OK", "context":{"environment":"Prod_germanywestcentral_prod-s01-010-eur-germanywestcentral", "migrationStage":"NotStarted", "server":"akswtt00200001t"}}
{"logTime": "0620/154735", "correlationVector":"PYwHU3n8cACTwn7c1YaUpA.2","action":"Commit Response", "result":"Success", "context":Result: Success. cV=PYwHU3n8cACTwn7c1YaUpA.0;server=akswtt00200001t;cloudType=Consumer;environment=Prod_germanywestcentral_prod-s01-010-eur-germanywestcentral;migrationStage=NotStarted}
{"logTime": "0620/154736", "correlationVector":"9zhoRaNDnpgnQu7RZZyE3x","action":"Normal GetUpdate request", "result":"", "context":cV=9zhoRaNDnpgnQu7RZZyE3x
Notified types: History}
{"logTime": "0620/154737", "correlationVector":"9zhoRaNDnpgnQu7RZZyE3x.1","action":"SyncServerConnectionManagerRequest", "result":"SYNC_SERVER_OK", "context":{"environment":"Prod_germanywestcentral_prod-s01-010-eur-germanywestcentral", "migrationStage":"NotStarted", "server":"akswtt00200001f"}}
{"logTime": "0620/154737", "correlationVector":"9zhoRaNDnpgnQu7RZZyE3x.2","action":"ProcessGetUpdates", "result":"Done", "context":{"dataType":"Sessions", "deleted":"1", "process_failed_to_decrypt":"0", "process_pending_decryption":"0", "process_success":"5", "total":"5"}}
{"logTime": "0620/154737", "correlationVector":"9zhoRaNDnpgnQu7RZZyE3x.3","action":"ProcessGetUpdates", "result":"Done", "context":{"dataType":"History", "deleted":"0", "process_failed_to_decrypt":"0", "process_pending_decryption":"0", "process_success":"3", "total":"3"}}
{"logTime": "0620/154737", "correlationVector":"9zhoRaNDnpgnQu7RZZyE3x.4","action":"GetUpdates Response", "result":"Success", "context":Received 8 update(s). cV=9zhoRaNDnpgnQu7RZZyE3x.0;server=akswtt00200001f;cloudType=Consumer;environment=Prod_germanywestcentral_prod-s01-010-eur-germanywestcentral;migrationStage=NotStarted}
{"logTime": "0620/154817", "correlationVector":"nqV9RW0s7Uhlee5GgR5zA8","action":"Normal GetUpdate request", "result":"", "context":cV=nqV9RW0s7Uhlee5GgR5zA8
Notified types: Device Info}
{"logTime": "0620/154817", "correlationVector":"nqV9RW0s7Uhlee5GgR5zA8.1","action":"SyncServerConnectionManagerRequest", "result":"SYNC_SERVER_OK", "context":{"environment":"Prod_germanywestcentral_prod-s01-010-eur-germanywestcentral", "migrationStage":"NotStarted", "server":"akswtt00200001o"}}
{"logTime": "0620/154817", "correlationVector":"nqV9RW0s7Uhlee5GgR5zA8.2","action":"ProcessGetUpdates", "result":"Done", "context":{"dataType":"Preferences", "deleted":"0", "process_failed_to_decrypt":"0", "process_pending_decryption":"0", "process_success":"1", "total":"1"}}
{"logTime": "0620/154817", "correlationVector":"nqV9RW0s7Uhlee5GgR5zA8.3","action":"ProcessGetUpdates", "result":"Done", "context":{"dataType":"Device Info", "deleted":"0", "process_failed_to_decrypt":"0", "process_pending_decryption":"0", "process_success":"1", "total":"1"}}
{"logTime": "0620/154817", "correlationVector":"nqV9RW0s7Uhlee5GgR5zA8.4","action":"GetUpdates Response", "result":"Success", "context":Received 2 update(s). cV=nqV9RW0s7Uhlee5GgR5zA8.0;server=akswtt00200001o;cloudType=Consumer;environment=Prod_germanywestcentral_prod-s01-010-eur-germanywestcentral;migrationStage=NotStarted}
{"logTime": "0620/154902", "correlationVector":"n50ZT+WOqa0IN7SrLE4uZO.1","action":"SyncServerConnectionManagerRequest", "result":"SYNC_SERVER_OK", "context":{"environment":"Prod_germanywestcentral_prod-s01-010-eur-germanywestcentral", "migrationStage":"NotStarted", "server":"akswtt00200001v"}}
{"logTime": "0620/154902", "correlationVector":"n50ZT+WOqa0IN7SrLE4uZO.2","action":"ProcessGetUpdates", "result":"Done", "context":{"dataType":"Encryption Keys", "deleted":"0", "process_failed_to_decrypt":"0", "process_pending_decryption":"0", "process_success":"1", "total":"1"}}
{"logTime": "0620/154904", "correlationVector":"fgbJT63A9vkBV/MdGYYQyj","action":"SyncServerConnectionManagerRequest", "result":"SYNC_SERVER_OK", "context":{"environment":"", "migrationStage":"", "server":""}}
{"logTime": "0620/154904", "correlationVector":"fgbJT63A9vkBV/MdGYYQyj.0","action":"EncryptionKeysFetcher.DownloadKeys:", "result":"Success", "context":Key count: 7, Last key timestamp: 2026-03-05T16:35:53Z}
{"logTime": "0620/154904", "correlationVector":"fgbJT63A9vkBV/MdGYYQyj.1","action":"EncryptionKeysManager::SetEncryptionKeys:", "result":"Success", "context":Key names[7]:[60/h3RcdhxqiQdS0vu7iitOeo9U6ucWyJN5t0UzgiNEH3nVcSch54wAb1/1xwlxWrX0kT+3R/itwJi29/8BbBw==][fo/SCaZKB0MAmLrAc2+V3ApDbgO3J2PmzgneLcqLwp10Py2Ocf5g5PFgvPUXXwXe6ywK9SGlLRNNdX4e/Gj/zA==][1IyIbvGjWY5R5/CmSiwrnHqfvWu237DFirW/Ap8iTaJNZcOLpLYdijGcSzD3g5e9jANIukX2/fr1H2zczSeCeg==][5j7PPqkreJDAYSXM35e864NJ96SOy9NCj5qnKYZ5P0E0VqNE7ANwtT/jLPzwf8HY7RQnP6Trh0bsOY31Bqj3Xg==][YRHpEmHp5ECTsAJyORoxxKJ6WOlDHRTD6lRwRYaUb3xeCUvcoZjF5BeQoJdnWRCAdutinmP+iSV9Ya/hcgmymg==][m2uwKu1nDL6il2OJXo2WzeJJKi5RgRX1bSE5wGejx/a3xEI8heAeWIpzmJVzUdUBW13HdrfJh3PkhxOjPG57IQ==][dabvnK1c4PhWT2A9iL18P4LQsLV/4ujF5PMDymWBqqQudr6d2PIgLosxC8MCe10ioAVddvR2c2Rn8X2T49t3Tg==]}
{"logTime": "0620/154904", "correlationVector":"fgbJT63A9vkBV/MdGYYQyj.2","action":"EncryptionKeysManager::SetEncryptionKeysWithTimestamps:", "result":"Success", "context":Key timestamps[7]:[2024-03-08T11:25:56Z][2024-03-09T16:38:31Z][2024-03-13T18:50:08Z][2024-09-10T11:17:47Z][2025-03-09T20:15:20Z][2025-09-06T03:14:19Z][2026-03-05T16:35:53Z]}
{"logTime": "0620/154904", "correlationVector":"n50ZT+WOqa0IN7SrLE4uZO","action":"Initial GetUpdates", "result":"", "context":Reason: NEW_CLIENT. cV=n50ZT+WOqa0IN7SrLE4uZO}
{"logTime": "0620/154904", "correlationVector":"n50ZT+WOqa0IN7SrLE4uZO.3","action":"GetUpdates Response", "result":"Success", "context":Received 1 update(s). cV=n50ZT+WOqa0IN7SrLE4uZO.0;server=akswtt00200001v;cloudType=Consumer;environment=Prod_germanywestcentral_prod-s01-010-eur-germanywestcentral;migrationStage=NotStarted}
{"logTime": "0620/154904", "correlationVector":"K0EOzIQpBK+vxEmcd6C55x","action":"Initial GetUpdates", "result":"", "context":Reason: NEWLY_SUPPORTED_DATATYPE. cV=K0EOzIQpBK+vxEmcd6C55x}
{"logTime": "0620/154904", "correlationVector":"K0EOzIQpBK+vxEmcd6C55x.1","action":"SyncServerConnectionManagerRequest", "result":"SYNC_SERVER_OK", "context":{"environment":"Prod_germanywestcentral_prod-s01-010-eur-germanywestcentral", "migrationStage":"NotStarted", "server":"akswtt002000025"}}
{"logTime": "0620/154904", "correlationVector":"K0EOzIQpBK+vxEmcd6C55x.2","action":"ProcessGetUpdates", "result":"Done", "context":{"dataType":"Passwords", "deleted":"0", "process_failed_to_decrypt":"0", "process_pending_decryption":"0", "process_success":"105", "total":"105"}}
{"logTime": "0620/154904", "correlationVector":"K0EOzIQpBK+vxEmcd6C55x.3","action":"GetUpdates Response", "result":"Success", "context":Received 105 update(s). cV=K0EOzIQpBK+vxEmcd6C55x.0;server=akswtt002000025;cloudType=Consumer;environment=Prod_germanywestcentral_prod-s01-010-eur-germanywestcentral;migrationStage=NotStarted}
{"logTime": "0620/154904", "correlationVector":"OU/wtHCn6+MtdDCQkwXZg0","action":"Normal GetUpdate request", "result":"", "context":cV=OU/wtHCn6+MtdDCQkwXZg0
Nudged types: Sessions, History
Refresh requested types: Bookmarks, Preferences, Passwords, Autofill Profiles, Autofill, Extensions, Sessions, Extension settings, History Delete Directives, Device Info, User Consents, Send Tab To Self, Web Apps, History, Saved Tab Group, WebAuthn Credentials, Edge E Drop, Edge Hub App Usage, Edge Wallet, Edge Workspace, Encryption Keys}
{"logTime": "0620/154905", "correlationVector":"OU/wtHCn6+MtdDCQkwXZg0.1","action":"SyncServerConnectionManagerRequest", "result":"SYNC_SERVER_OK", "context":{"environment":"Prod_germanywestcentral_prod-s01-010-eur-germanywestcentral", "migrationStage":"NotStarted", "server":"akswtt002000025"}}
{"logTime": "0620/154905", "correlationVector":"OU/wtHCn6+MtdDCQkwXZg0.2","action":"GetUpdates Response", "result":"Success", "context":Received 0 update(s). cV=OU/wtHCn6+MtdDCQkwXZg0.0;server=akswtt002000025;cloudType=Consumer;environment=Prod_germanywestcentral_prod-s01-010-eur-germanywestcentral;migrationStage=NotStarted}
{"logTime": "0620/154905", "correlationVector":"XHNtqGwL43oOT1MCrjbjaZ","action":"Commit Request", "result":"", "context":Item count: 4
Contributing types: Sessions, History}
{"logTime": "0620/154905", "correlationVector":"XHNtqGwL43oOT1MCrjbjaZ.1","action":"SyncServerConnectionManagerRequest", "result":"SYNC_SERVER_OK", "context":{"environment":"Prod_germanywestcentral_prod-s01-010-eur-germanywestcentral", "migrationStage":"NotStarted", "server":"akswtt002000017"}}
{"logTime": "0620/154905", "correlationVector":"XHNtqGwL43oOT1MCrjbjaZ.2","action":"Commit Response", "result":"Success", "context":Result: Success. cV=XHNtqGwL43oOT1MCrjbjaZ.0;server=akswtt002000017;cloudType=Consumer;environment=Prod_germanywestcentral_prod-s01-010-eur-germanywestcentral;migrationStage=NotStarted}
{"logTime": "0620/154915", "correlationVector":"HMmaGmoZtJz9acKSdiYi5P","action":"Commit Request", "result":"", "context":Item count: 40
Contributing types: Passwords}
{"logTime": "0620/154917", "correlationVector":"HMmaGmoZtJz9acKSdiYi5P.1","action":"SyncServerConnectionManagerRequest", "result":"SYNC_SERVER_OK", "context":{"environment":"Prod_germanywestcentral_prod-s01-010-eur-germanywestcentral", "migrationStage":"NotStarted", "server":"akswtt00200001z"}}
{"logTime": "0620/154917", "correlationVector":"HMmaGmoZtJz9acKSdiYi5P.2","action":"Commit Response", "result":"Success", "context":Result: Success. cV=HMmaGmoZtJz9acKSdiYi5P.0;server=akswtt00200001z;cloudType=Consumer;environment=Prod_germanywestcentral_prod-s01-010-eur-germanywestcentral;migrationStage=NotStarted}
{"logTime": "0620/154917", "correlationVector":"Z80qDvaCPvkOwlE8mUIloh","action":"Commit Request", "result":"", "context":Item count: 40
Contributing types: Passwords}
{"logTime": "0620/154918", "correlationVector":"Z80qDvaCPvkOwlE8mUIloh.1","action":"SyncServerConnectionManagerRequest", "result":"SYNC_SERVER_OK", "context":{"environment":"Prod_germanywestcentral_prod-s01-010-eur-germanywestcentral", "migrationStage":"NotStarted", "server":"akswtt00200001f"}}
{"logTime": "0620/154918", "correlationVector":"Z80qDvaCPvkOwlE8mUIloh.2","action":"Commit Response", "result":"Success", "context":Result: Success. cV=Z80qDvaCPvkOwlE8mUIloh.0;server=akswtt00200001f;cloudType=Consumer;environment=Prod_germanywestcentral_prod-s01-010-eur-germanywestcentral;migrationStage=NotStarted}
{"logTime": "0620/154918", "correlationVector":"soGnfiQUWRdXjKuHbRbwSZ","action":"Commit Request", "result":"", "context":Item count: 17
Contributing types: Preferences, Passwords, Sessions, History}
{"logTime": "0620/154919", "correlationVector":"soGnfiQUWRdXjKuHbRbwSZ.1","action":"SyncServerConnectionManagerRequest", "result":"SYNC_SERVER_OK", "context":{"environment":"Prod_germanywestcentral_prod-s01-010-eur-germanywestcentral", "migrationStage":"NotStarted", "server":"akswtt00200000x"}}
{"logTime": "0620/154919", "correlationVector":"soGnfiQUWRdXjKuHbRbwSZ.2","action":"Commit Response", "result":"Success", "context":Result: Success. cV=soGnfiQUWRdXjKuHbRbwSZ.0;server=akswtt00200000x;cloudType=Consumer;environment=Prod_germanywestcentral_prod-s01-010-eur-germanywestcentral;migrationStage=NotStarted}
{"logTime": "0620/154919", "correlationVector":"soGnfiQUWRdXjKuHbRbwSZ.3","action":"Commit.Sessions", "result":"Success", "context":{"id":"072128cf-6857-4ec2-8d8f-0fdfe8dd6821", "isDeleted":"true", "size":"0", "version":"1781970546540"}}
