2026-06-20 09:37:58.528: [INFO] VisibilityChanged: 0
2026-06-20 09:37:58.637: [INFO] RecordSyncInitDuration has_sync_been_enabled: 0 state: 0
2026-06-20 09:37:58.639: [INFO] RecordSyncInitDuration has_sync_been_enabled: 0 state: 0
2026-06-20 09:37:58.641: [INFO] RecordSyncInitDuration has_sync_been_enabled: 0 state: 0
2026-06-20 09:37:58.642: [INFO] RecordSyncInitDuration has_sync_been_enabled: 0 state: 0
2026-06-20 09:37:58.644: [INFO] RecordSyncInitDuration has_sync_been_enabled: 0 state: 0
2026-06-20 09:37:58.646: [INFO] RecordSyncInitDuration has_sync_been_enabled: 0 state: 0
2026-06-20 09:37:58.648: [INFO] RecordSyncInitDuration has_sync_been_enabled: 0 state: 0
2026-06-20 09:37:58.650: [INFO] RecordSyncInitDuration has_sync_been_enabled: 0 state: 0
2026-06-20 09:37:58.651: [INFO] RecordSyncInitDuration has_sync_been_enabled: 0 state: 0
2026-06-20 09:37:58.653: [INFO] RecordSyncInitDuration has_sync_been_enabled: 0 state: 0
2026-06-20 09:37:58.655: [INFO] RecordSyncInitDuration has_sync_been_enabled: 0 state: 0
2026-06-20 09:37:58.674: [INFO] BookmarkModelLoaded, ids_reassigned: 0
2026-06-20 09:37:58.674: [INFO] OnDoneLoading sync enabled: 0
2026-06-20 09:37:58.741: [INFO] RecordSyncInitDuration has_sync_been_enabled: 0 state: 0
2026-06-20 09:37:59.473: [INFO] RecordSyncInitDuration has_sync_been_enabled: 0 state: 0
2026-06-20 09:37:59.500: [INFO] RecordSyncInitDuration has_sync_been_enabled: 0 state: 3
2026-06-20 09:37:59.513: [INFO] Primary account changed.
2026-06-20 09:37:59.513: [INFO] OnPrimaryAccountChanged PrimaryAccountChangeEvent::Type::kSet
2026-06-20 09:37:59.521: [INFO] RecordSyncInitDuration has_sync_been_enabled: 0 state: 3
2026-06-20 09:37:59.567: [INFO] RecordSyncInitDuration has_sync_been_enabled: 0 state: 3
2026-06-20 09:38:03.302: [INFO] BookmarkNodeAdded, ABU: 0
2026-06-20 09:38:03.303: [INFO] BookmarkNodeAdded, ABU: 0
2026-06-20 09:38:03.303: [INFO] BookmarkNodeAdded, ABU: 0
2026-06-20 09:38:03.304: [INFO] BookmarkNodeAdded, ABU: 0
2026-06-20 09:38:03.305: [INFO] BookmarkNodeAdded, ABU: 0
2026-06-20 09:38:03.306: [INFO] BookmarkNodeAdded, ABU: 0
2026-06-20 09:38:03.307: [INFO] BookmarkNodeAdded, ABU: 0
2026-06-20 09:38:03.308: [INFO] BookmarkNodeAdded, ABU: 0
2026-06-20 09:38:03.308: [INFO] BookmarkNodeAdded, ABU: 0
2026-06-20 09:38:03.309: [INFO] BookmarkNodeAdded, ABU: 0
2026-06-20 09:38:03.310: [INFO] BookmarkNodeAdded, ABU: 0
2026-06-20 09:38:03.310: [INFO] BookmarkNodeAdded, ABU: 0
2026-06-20 09:38:03.311: [INFO] BookmarkNodeAdded, ABU: 0
2026-06-20 09:38:03.311: [INFO] BookmarkNodeAdded, ABU: 0
2026-06-20 09:38:03.312: [INFO] BookmarkNodeAdded, ABU: 0
2026-06-20 09:38:03.313: [INFO] BookmarkNodeAdded, ABU: 0
2026-06-20 09:38:03.314: [INFO] BookmarkNodeAdded, ABU: 0
2026-06-20 09:38:03.315: [INFO] BookmarkNodeAdded, ABU: 0
2026-06-20 09:38:03.315: [INFO] BookmarkNodeAdded, ABU: 0
2026-06-20 09:38:03.316: [INFO] BookmarkNodeAdded, ABU: 0
2026-06-20 09:38:03.317: [INFO] BookmarkNodeAdded, ABU: 0
2026-06-20 09:38:03.318: [INFO] BookmarkNodeAdded, ABU: 0
2026-06-20 09:38:03.318: [INFO] BookmarkNodeAdded, ABU: 0
2026-06-20 09:38:03.319: [INFO] BookmarkNodeAdded, ABU: 0
2026-06-20 09:38:03.320: [INFO] BookmarkNodeAdded, ABU: 0
2026-06-20 09:38:03.320: [INFO] BookmarkNodeAdded, ABU: 0
2026-06-20 09:38:03.321: [INFO] BookmarkNodeAdded, ABU: 0
2026-06-20 09:38:03.322: [INFO] BookmarkNodeAdded, ABU: 0
2026-06-20 09:38:03.322: [INFO] BookmarkNodeAdded, ABU: 0
2026-06-20 09:38:03.323: [INFO] BookmarkNodeAdded, ABU: 0
2026-06-20 09:38:03.323: [INFO] BookmarkNodeAdded, ABU: 0
2026-06-20 09:38:03.324: [INFO] BookmarkNodeAdded, ABU: 0
2026-06-20 09:38:03.324: [INFO] BookmarkNodeAdded, ABU: 0
2026-06-20 09:38:03.325: [INFO] BookmarkNodeAdded, ABU: 0
2026-06-20 09:38:03.326: [INFO] BookmarkNodeAdded, ABU: 0
2026-06-20 09:38:03.326: [INFO] BookmarkNodeAdded, ABU: 0
2026-06-20 09:38:03.327: [INFO] BookmarkNodeAdded, ABU: 0
2026-06-20 09:38:03.327: [INFO] BookmarkNodeAdded, ABU: 0
2026-06-20 09:38:03.328: [INFO] BookmarkNodeAdded, ABU: 0
2026-06-20 09:38:03.329: [INFO] BookmarkNodeAdded, ABU: 0
2026-06-20 09:38:03.329: [INFO] BookmarkNodeAdded, ABU: 0
2026-06-20 09:38:03.330: [INFO] BookmarkNodeAdded, ABU: 0
2026-06-20 09:38:03.331: [INFO] BookmarkNodeAdded, ABU: 0
2026-06-20 09:38:03.332: [INFO] BookmarkNodeAdded, ABU: 0
2026-06-20 09:38:03.332: [INFO] BookmarkNodeAdded, ABU: 0
2026-06-20 09:38:03.333: [INFO] BookmarkNodeAdded, ABU: 0
2026-06-20 09:38:03.333: [INFO] BookmarkNodeAdded, ABU: 0
2026-06-20 09:38:03.334: [INFO] BookmarkNodeAdded, ABU: 0
2026-06-20 09:38:03.334: [INFO] BookmarkNodeAdded, ABU: 0
2026-06-20 09:38:03.335: [INFO] BookmarkNodeAdded, ABU: 0
2026-06-20 09:38:03.336: [INFO] BookmarkNodeAdded, ABU: 0
2026-06-20 09:38:03.336: [INFO] BookmarkNodeAdded, ABU: 0
2026-06-20 09:38:03.337: [INFO] BookmarkNodeAdded, ABU: 0
2026-06-20 09:38:03.338: [INFO] BookmarkNodeAdded, ABU: 0
2026-06-20 09:38:03.339: [INFO] BookmarkNodeAdded, ABU: 0
2026-06-20 09:38:03.340: [INFO] BookmarkNodeAdded, ABU: 0
2026-06-20 09:38:03.340: [INFO] BookmarkNodeAdded, ABU: 0
2026-06-20 09:38:03.340: [INFO] BookmarkNodeAdded, ABU: 0
2026-06-20 09:38:03.340: [INFO] BookmarkNodeAdded, ABU: 0
2026-06-20 09:38:03.340: [INFO] BookmarkNodeAdded, ABU: 0
2026-06-20 09:38:03.341: [INFO] BookmarkNodeAdded, ABU: 0
2026-06-20 09:38:03.342: [INFO] BookmarkNodeAdded, ABU: 0
2026-06-20 09:38:03.343: [INFO] BookmarkNodeAdded, ABU: 0
2026-06-20 09:38:03.344: [INFO] BookmarkNodeAdded, ABU: 0
2026-06-20 09:38:03.344: [INFO] BookmarkNodeAdded, ABU: 0
2026-06-20 09:38:03.345: [INFO] BookmarkNodeAdded, ABU: 0
2026-06-20 09:38:03.346: [INFO] BookmarkNodeAdded, ABU: 0
2026-06-20 09:38:03.346: [INFO] BookmarkNodeAdded, ABU: 0
2026-06-20 09:38:03.346: [INFO] BookmarkNodeAdded, ABU: 0
2026-06-20 09:38:03.346: [INFO] BookmarkNodeAdded, ABU: 0
2026-06-20 09:38:03.346: [INFO] BookmarkNodeAdded, ABU: 0
2026-06-20 09:38:03.346: [INFO] BookmarkNodeAdded, ABU: 0
2026-06-20 09:38:03.346: [INFO] BookmarkNodeAdded, ABU: 0
2026-06-20 09:38:03.346: [INFO] BookmarkNodeAdded, ABU: 0
2026-06-20 09:38:03.347: [INFO] BookmarkNodeAdded, ABU: 0
2026-06-20 09:38:03.348: [INFO] BookmarkNodeAdded, ABU: 0
2026-06-20 09:38:03.348: [INFO] BookmarkNodeAdded, ABU: 0
2026-06-20 09:38:03.348: [INFO] BookmarkNodeAdded, ABU: 0
2026-06-20 09:38:03.349: [INFO] BookmarkNodeAdded, ABU: 0
2026-06-20 09:38:03.349: [INFO] BookmarkNodeAdded, ABU: 0
2026-06-20 09:38:03.350: [INFO] BookmarkNodeAdded, ABU: 0
2026-06-20 09:38:03.350: [INFO] BookmarkNodeAdded, ABU: 0
2026-06-20 09:38:03.350: [INFO] BookmarkNodeAdded, ABU: 0
2026-06-20 09:38:03.350: [INFO] BookmarkNodeAdded, ABU: 0
2026-06-20 09:38:03.351: [INFO] BookmarkNodeAdded, ABU: 0
2026-06-20 09:38:03.352: [INFO] BookmarkNodeAdded, ABU: 0
2026-06-20 09:38:03.353: [INFO] BookmarkNodeAdded, ABU: 0
2026-06-20 09:38:03.353: [INFO] BookmarkNodeAdded, ABU: 0
2026-06-20 09:38:03.353: [INFO] BookmarkNodeAdded, ABU: 0
2026-06-20 09:38:03.353: [INFO] BookmarkNodeAdded, ABU: 0
2026-06-20 09:38:03.353: [INFO] BookmarkNodeAdded, ABU: 0
2026-06-20 09:38:03.353: [INFO] BookmarkNodeAdded, ABU: 0
2026-06-20 09:38:03.354: [INFO] BookmarkNodeAdded, ABU: 0
2026-06-20 09:38:03.354: [INFO] BookmarkNodeAdded, ABU: 0
2026-06-20 09:38:03.355: [INFO] BookmarkNodeAdded, ABU: 0
2026-06-20 09:38:03.356: [INFO] BookmarkNodeAdded, ABU: 0
2026-06-20 09:38:03.356: [INFO] BookmarkNodeAdded, ABU: 0
2026-06-20 09:38:03.356: [INFO] BookmarkNodeAdded, ABU: 0
2026-06-20 09:38:03.357: [INFO] BookmarkNodeAdded, ABU: 0
2026-06-20 09:38:03.358: [INFO] BookmarkNodeAdded, ABU: 0
2026-06-20 09:38:03.359: [INFO] BookmarkNodeAdded, ABU: 0
2026-06-20 09:38:03.359: [INFO] BookmarkNodeAdded, ABU: 0
2026-06-20 09:38:03.359: [INFO] BookmarkNodeAdded, ABU: 0
2026-06-20 09:38:45.091: [INFO] Sync initialization duration: 45340ms
2026-06-20 13:50:44.148: [INFO] VisibilityChanged: 0
2026-06-20 13:50:44.237: [INFO] BookmarkModelLoaded, ids_reassigned: 0
2026-06-20 13:50:44.237: [INFO] OnDoneLoading sync enabled: 1
2026-06-20 13:50:56.031: [INFO] Sync initialization duration: 2370ms
2026-06-20 15:00:14.080: [INFO] VisibilityChanged: 0
2026-06-20 15:00:14.170: [INFO] BookmarkModelLoaded, ids_reassigned: 0
2026-06-20 15:00:14.170: [INFO] OnDoneLoading sync enabled: 0
2026-06-20 15:00:17.247: [INFO] Primary account changed.
2026-06-20 15:00:17.247: [INFO] OnPrimaryAccountChanged PrimaryAccountChangeEvent::Type::kSet
2026-06-20 15:01:04.889: [INFO] Sync initialization duration: 50714ms
2026-06-20 15:48:55.120: [INFO] VisibilityChanged: 0
2026-06-20 15:48:55.201: [INFO] BookmarkModelLoaded, ids_reassigned: 0
2026-06-20 15:48:55.201: [INFO] OnDoneLoading sync enabled: 1
2026-06-20 15:49:04.949: [INFO] Sync initialization duration: 2650ms
